Log file open, 03/08/21 20:59:02
LogInit: Display: Running engine for game: FPSGameStarterKit
LogPlatformFile: Not using cached read wrapper
LogTaskGraph: Started task graph with 5 named threads and 11 total threads with 3 sets of task threads.
LogStats: Stats thread started at 0.235810
LogD3D11RHI: Loaded GFSDK_Aftermath_Lib.x64.dll
LogICUInternationalization: ICU TimeZone Detection - Raw Offset: -5:00, Platform Override: ''
LogPluginManager: Mounting plugin Paper2D
LogPluginManager: Mounting plugin AISupport
LogPluginManager: Mounting plugin LightPropagationVolume
LogPluginManager: Mounting plugin CameraShakePreviewer
LogPluginManager: Mounting plugin ActorLayerUtilities
LogPluginManager: Mounting plugin AnimationSharing
LogPluginManager: Mounting plugin CLionSourceCodeAccess
LogPluginManager: Mounting plugin CodeLiteSourceCodeAccess
LogPluginManager: Mounting plugin GitSourceControl
LogPluginManager: Mounting plugin KDevelopSourceCodeAccess
LogPluginManager: Mounting plugin NullSourceCodeAccess
LogPluginManager: Mounting plugin PerforceSourceControl
LogPluginManager: Mounting plugin PlasticSourceControl
LogPluginManager: Mounting plugin RiderSourceCodeAccess
LogPluginManager: Mounting plugin SubversionSourceControl
LogPluginManager: Mounting plugin UObjectPlugin
LogPluginManager: Mounting plugin VisualStudioCodeSourceCodeAccess
LogPluginManager: Mounting plugin VisualStudioSourceCodeAccess
LogPluginManager: Mounting plugin XCodeSourceCodeAccess
LogPluginManager: Mounting plugin AssetManagerEditor
LogPluginManager: Mounting plugin CryptoKeys
LogPluginManager: Mounting plugin CurveEditorTools
LogPluginManager: Mounting plugin DataValidation
LogPluginManager: Mounting plugin EditorScriptingUtilities
LogPluginManager: Mounting plugin FacialAnimation
LogPluginManager: Mounting plugin GameplayTagsEditor
LogPluginManager: Mounting plugin GeometryMode
LogPluginManager: Mounting plugin MacGraphicsSwitching
LogPluginManager: Mounting plugin MaterialAnalyzer
LogPluginManager: Mounting plugin MobileLauncherProfileWizard
LogPluginManager: Mounting plugin PluginBrowser
LogPluginManager: Mounting plugin SpeedTreeImporter
LogPluginManager: Mounting plugin DatasmithContent
LogPluginManager: Mounting plugin VariantManagerContent
LogPluginManager: Mounting plugin AlembicImporter
LogPluginManager: Mounting plugin AutomationUtils
LogPluginManager: Mounting plugin BackChannel
LogPluginManager: Mounting plugin ChaosCloth
LogPluginManager: Mounting plugin ChaosClothEditor
LogPluginManager: Mounting plugin ChaosEditor
LogPluginManager: Mounting plugin ChaosNiagara
LogPluginManager: Mounting plugin ChaosSolverPlugin
LogPluginManager: Mounting plugin CharacterAI
LogPluginManager: Mounting plugin GeometryCache
LogPluginManager: Mounting plugin GeometryCollectionPlugin
LogPluginManager: Mounting plugin GeometryProcessing
LogPluginManager: Mounting plugin PlanarCut
LogPluginManager: Mounting plugin PlatformCrypto
LogPluginManager: Mounting plugin ProxyLODPlugin
LogPluginManager: Mounting plugin SkeletalReduction
LogPluginManager: Mounting plugin Niagara
LogPluginManager: Mounting plugin MagicLeap
LogPluginManager: Mounting plugin MagicLeapLightEstimation
LogPluginManager: Mounting plugin MagicLeapMedia
LogPluginManager: Mounting plugin MagicLeapPassableWorld
LogPluginManager: Mounting plugin MLSDK
LogPluginManager: Mounting plugin AndroidMedia
LogPluginManager: Mounting plugin AvfMedia
LogPluginManager: Mounting plugin ImgMedia
LogPluginManager: Mounting plugin MediaCompositing
LogPluginManager: Mounting plugin MediaPlayerEditor
LogPluginManager: Mounting plugin WebMMedia
LogPluginManager: Mounting plugin WmfMedia
LogPluginManager: Mounting plugin MeshPainting
LogPluginManager: Mounting plugin TcpMessaging
LogPluginManager: Mounting plugin UdpMessaging
LogPluginManager: Mounting plugin ActorSequence
LogPluginManager: Mounting plugin LevelSequenceEditor
LogPluginManager: Mounting plugin MatineeToLevelSequence
LogPluginManager: Mounting plugin MovieRenderPipeline
LogPluginManager: Mounting plugin TemplateSequence
LogPluginManager: Mounting plugin NetcodeUnitTest
LogPluginManager: Mounting plugin NUTUnrealEngine4
LogPluginManager: Mounting plugin OnlineSubsystemGooglePlay
LogPluginManager: Mounting plugin OnlineSubsystemIOS
LogPluginManager: Mounting plugin OnlineSubsystem
LogPluginManager: Mounting plugin OnlineSubsystemNull
LogPluginManager: Mounting plugin OnlineSubsystemUtils
LogPluginManager: Mounting plugin LauncherChunkInstaller
LogPluginManager: Mounting plugin AndroidDeviceProfileSelector
LogPluginManager: Mounting plugin AndroidMoviePlayer
LogPluginManager: Mounting plugin AndroidPermission
LogPluginManager: Mounting plugin AppleImageUtils
LogPluginManager: Mounting plugin AppleMoviePlayer
LogPluginManager: Mounting plugin ArchVisCharacter
LogPluginManager: Mounting plugin AssetTags
LogPluginManager: Mounting plugin AudioCapture
LogPluginManager: Mounting plugin CableComponent
LogPluginManager: Mounting plugin CustomMeshComponent
LogPluginManager: Mounting plugin EditableMesh
LogPluginManager: Mounting plugin ExampleDeviceProfileSelector
LogPluginManager: Mounting plugin GoogleCloudMessaging
LogPluginManager: Mounting plugin GooglePAD
LogPluginManager: Mounting plugin IOSDeviceProfileSelector
LogPluginManager: Mounting plugin LinuxDeviceProfileSelector
LogPluginManager: Mounting plugin LocationServicesBPLibrary
LogPluginManager: Mounting plugin MobilePatchingUtils
LogPluginManager: Mounting plugin OculusVR
LogPluginManager: Mounting plugin PhysXVehicles
LogPluginManager: Mounting plugin PostSplashScreen
LogPluginManager: Mounting plugin ProceduralMeshComponent
LogPluginManager: Mounting plugin RuntimePhysXCooking
LogPluginManager: Mounting plugin SignificanceManager
LogPluginManager: Mounting plugin SoundFields
LogPluginManager: Mounting plugin SteamVR
LogPluginManager: Mounting plugin Synthesis
LogPluginManager: Mounting plugin WebMMoviePlayer
LogPluginManager: Mounting plugin WindowsMoviePlayer
LogPluginManager: Mounting plugin ScreenshotTools
LogInit: Using libcurl 7.55.1-DEV
LogInit:  - built for x86_64-pc-win32
LogInit:  - supports SSL with OpenSSL/1.1.1
LogInit:  - supports HTTP deflate (compression) using libz 1.2.8
LogInit:  - other features:
LogInit:      CURL_VERSION_SSL
LogInit:      CURL_VERSION_LIBZ
LogInit:      CURL_VERSION_IPV6
LogInit:      CURL_VERSION_ASYNCHDNS
LogInit:      CURL_VERSION_LARGEFILE
LogInit:      CURL_VERSION_IDN
LogInit:  CurlRequestOptions (configurable via config and command line):
LogInit:  - bVerifyPeer = true  - Libcurl will verify peer certificate
LogInit:  - bUseHttpProxy = false  - Libcurl will NOT use HTTP proxy
LogInit:  - bDontReuseConnections = false  - Libcurl will reuse connections
LogInit:  - MaxHostConnections = 16  - Libcurl will limit the number of connections to a host
LogInit:  - LocalHostAddr = Default
LogInit:  - BufferSize = 65536
LogOnline: OSS: Creating online subsystem instance for: Null
LogInit: WinSock: version 1.1 (2.2), MaxSocks=32767, MaxUdp=65467
LogOnline: OSS: TryLoadSubsystemAndSetDefault: Loaded subsystem for module [Null]
LogInit: Build: ++UE4+Release-4.25-CL-14469661
LogInit: Engine Version: 4.25.4-14469661+++UE4+Release-4.25
LogInit: Compatible Engine Version: 4.25.0-13144385+++UE4+Release-4.25
LogInit: Net CL: 13144385
LogInit: OS: Windows 10 (Release 1909) (), CPU: Intel(R) Core(TM) i7-7500U CPU @ 2.70GHz, GPU: Intel(R) HD Graphics 620
LogInit: Compiled (64-bit): Oct 11 2020 08:10:49
LogInit: Compiled with Visual C++: 19.24.28315.00
LogInit: Build Configuration: Development
LogInit: Branch Name: ++UE4+Release-4.25
LogInit: Command Line: 
LogInit: Base Directory: C:/Program Files/Epic Games/UE_4.25/Engine/Binaries/Win64/
LogInit: Allocator: TBB
LogInit: Installed Engine Build: 1
LogDevObjectVersion: Number of dev versions registered: 26
LogDevObjectVersion:   Dev-Blueprints (B0D832E4-1F89-4F0D-ACCF-7EB736FD4AA2): 10
LogDevObjectVersion:   Dev-Build (E1C64328-A22C-4D53-A36C-8E866417BD8C): 0
LogDevObjectVersion:   Dev-Core (375EC13C-06E4-48FB-B500-84F0262A717E): 4
LogDevObjectVersion:   Dev-Editor (E4B068ED-F494-42E9-A231-DA0B2E46BB41): 38
LogDevObjectVersion:   Dev-Framework (CFFC743F-43B0-4480-9391-14DF171D2073): 37
LogDevObjectVersion:   Dev-Mobile (B02B49B5-BB20-44E9-A304-32B752E40360): 2
LogDevObjectVersion:   Dev-Networking (A4E4105C-59A1-49B5-A7C5-40C4547EDFEE): 0
LogDevObjectVersion:   Dev-Online (39C831C9-5AE6-47DC-9A44-9C173E1C8E7C): 0
LogDevObjectVersion:   Dev-Physics (78F01B33-EBEA-4F98-B9B4-84EACCB95AA2): 4
LogDevObjectVersion:   Dev-Platform (6631380F-2D4D-43E0-8009-CF276956A95A): 0
LogDevObjectVersion:   Dev-Rendering (12F88B9F-8875-4AFC-A67C-D90C383ABD29): 43
LogDevObjectVersion:   Dev-Sequencer (7B5AE74C-D270-4C10-A958-57980B212A5A): 12
LogDevObjectVersion:   Dev-VR (D7296918-1DD6-4BDD-9DE2-64A83CC13884): 3
LogDevObjectVersion:   Dev-LoadTimes (C2A15278-BFE7-4AFE-6C17-90FF531DF755): 1
LogDevObjectVersion:   Private-Geometry (6EACA3D4-40EC-4CC1-B786-8BED09428FC5): 3
LogDevObjectVersion:   Dev-AnimPhys (29E575DD-E0A3-4627-9D10-D276232CDCEA): 17
LogDevObjectVersion:   Dev-Anim (AF43A65D-7FD3-4947-9873-3E8ED9C1BB05): 7
LogDevObjectVersion:   Dev-ReflectionCapture (6B266CEC-1EC7-4B8F-A30B-E4D90942FC07): 1
LogDevObjectVersion:   Dev-Automation (0DF73D61-A23F-47EA-B727-89E90C41499A): 1
LogDevObjectVersion:   FortniteMain (601D1886-AC64-4F84-AA16-D3DE0DEAC7D6): 31
LogDevObjectVersion:   Dev-Enterprise (9DFFBCD6-494F-0158-E221-12823C92A888): 10
LogDevObjectVersion:   Dev-Niagara (F2AED0AC-9AFE-416F-8664-AA7FFA26D6FC): 1
LogDevObjectVersion:   Dev-Destruction (174F1F0B-B4C6-45A5-B13F-2EE8D0FB917D): 10
LogDevObjectVersion:   Dev-Physics-Ext (35F94A83-E258-406C-A318-09F59610247C): 37
LogDevObjectVersion:   Dev-PhysicsMaterial-Chaos (B68FC16E-8B1B-42E2-B453-215C058844FE): 1
LogDevObjectVersion:   Dev-CineCamera (B2E18506-4273-CFC2-A54E-F4BB758BBA07): 1
LogInit: Presizing for max 25165824 objects, including 0 objects not considered by GC, pre-allocating 0 bytes for permanent pool.
LogConfig: Applying CVar settings from Section [/Script/Engine.StreamingSettings] File [C:/Users/adamcaseystefanie/Documents/GitHub/Surfing-Bird-FPS/FPSGameStarterKit/Saved/Config/Windows/Engine.ini]
LogConfig: Setting CVar [[s.MinBulkDataSizeForAsyncLoading:131072]]
LogConfig: Setting CVar [[s.AsyncLoadingThreadEnabled:0]]
LogConfig: Setting CVar [[s.EventDrivenLoaderEnabled:1]]
LogConfig: Setting CVar [[s.WarnIfTimeLimitExceeded:0]]
LogConfig: Setting CVar [[s.TimeLimitExceededMultiplier:1.5]]
LogConfig: Setting CVar [[s.TimeLimitExceededMinTime:0.005]]
LogConfig: Setting CVar [[s.UseBackgroundLevelStreaming:1]]
LogConfig: Setting CVar [[s.PriorityAsyncLoadingExtraTime:15.0]]
LogConfig: Setting CVar [[s.LevelStreamingActorsUpdateTimeLimit:5.0]]
LogConfig: Setting CVar [[s.PriorityLevelStreamingActorsUpdateExtraTime:5.0]]
LogConfig: Setting CVar [[s.LevelStreamingComponentsRegistrationGranularity:10]]
LogConfig: Setting CVar [[s.UnregisterComponentsTimeLimit:1.0]]
LogConfig: Setting CVar [[s.LevelStreamingComponentsUnregistrationGranularity:5]]
LogConfig: Setting CVar [[s.FlushStreamingOnExit:1]]
LogInit: Object subsystem initialized
LogConfig: Setting CVar [[con.DebugEarlyDefault:1]]
LogConfig: Setting CVar [[r.setres:1280x720]]
[2021.03.09-01.59.02:720][  0]LogConfig: Setting CVar [[r.VSync:0]]
[2021.03.09-01.59.02:720][  0]LogConfig: Setting CVar [[r.RHICmdBypass:0]]
[2021.03.09-01.59.02:720][  0]LogConfig: Applying CVar settings from Section [/Script/Engine.RendererSettings] File [C:/Users/adamcaseystefanie/Documents/GitHub/Surfing-Bird-FPS/FPSGameStarterKit/Saved/Config/Windows/Engine.ini]
[2021.03.09-01.59.02:720][  0]LogConfig: Setting CVar [[r.GPUCrashDebugging:0]]
[2021.03.09-01.59.02:720][  0]LogConfig: Setting CVar [[r.DefaultFeature.Bloom:1]]
[2021.03.09-01.59.02:720][  0]LogConfig: Setting CVar [[r.DefaultFeature.AutoExposure:0]]
[2021.03.09-01.59.02:720][  0]LogConfig: Setting CVar [[r.DefaultFeature.MotionBlur:0]]
[2021.03.09-01.59.02:720][  0]LogConfig: Applying CVar settings from Section [/Script/Engine.RendererOverrideSettings] File [C:/Users/adamcaseystefanie/Documents/GitHub/Surfing-Bird-FPS/FPSGameStarterKit/Saved/Config/Windows/Engine.ini]
[2021.03.09-01.59.02:720][  0]LogConfig: Applying CVar settings from Section [/Script/Engine.StreamingSettings] File [C:/Users/adamcaseystefanie/Documents/GitHub/Surfing-Bird-FPS/FPSGameStarterKit/Saved/Config/Windows/Engine.ini]
[2021.03.09-01.59.02:720][  0]LogConfig: Setting CVar [[s.MinBulkDataSizeForAsyncLoading:131072]]
[2021.03.09-01.59.02:720][  0]LogConfig: Setting CVar [[s.AsyncLoadingThreadEnabled:0]]
[2021.03.09-01.59.02:720][  0]LogConfig: Setting CVar [[s.EventDrivenLoaderEnabled:1]]
[2021.03.09-01.59.02:721][  0]LogConfig: Setting CVar [[s.WarnIfTimeLimitExceeded:0]]
[2021.03.09-01.59.02:721][  0]LogConfig: Setting CVar [[s.TimeLimitExceededMultiplier:1.5]]
[2021.03.09-01.59.02:721][  0]LogConfig: Setting CVar [[s.TimeLimitExceededMinTime:0.005]]
[2021.03.09-01.59.02:721][  0]LogConfig: Setting CVar [[s.UseBackgroundLevelStreaming:1]]
[2021.03.09-01.59.02:721][  0]LogConfig: Setting CVar [[s.PriorityAsyncLoadingExtraTime:15.0]]
[2021.03.09-01.59.02:721][  0]LogConfig: Setting CVar [[s.LevelStreamingActorsUpdateTimeLimit:5.0]]
[2021.03.09-01.59.02:721][  0]LogConfig: Setting CVar [[s.PriorityLevelStreamingActorsUpdateExtraTime:5.0]]
[2021.03.09-01.59.02:721][  0]LogConfig: Setting CVar [[s.LevelStreamingComponentsRegistrationGranularity:10]]
[2021.03.09-01.59.02:721][  0]LogConfig: Setting CVar [[s.UnregisterComponentsTimeLimit:1.0]]
[2021.03.09-01.59.02:721][  0]LogConfig: Setting CVar [[s.LevelStreamingComponentsUnregistrationGranularity:5]]
[2021.03.09-01.59.02:721][  0]LogConfig: Setting CVar [[s.FlushStreamingOnExit:1]]
[2021.03.09-01.59.02:721][  0]LogConfig: Applying CVar settings from Section [/Script/Engine.GarbageCollectionSettings] File [C:/Users/adamcaseystefanie/Documents/GitHub/Surfing-Bird-FPS/FPSGameStarterKit/Saved/Config/Windows/Engine.ini]
[2021.03.09-01.59.02:721][  0]LogConfig: Setting CVar [[gc.MaxObjectsNotConsideredByGC:1]]
[2021.03.09-01.59.02:721][  0]LogConfig: Setting CVar [[gc.SizeOfPermanentObjectPool:0]]
[2021.03.09-01.59.02:721][  0]LogConfig: Setting CVar [[gc.FlushStreamingOnGC:0]]
[2021.03.09-01.59.02:721][  0]LogConfig: Setting CVar [[gc.NumRetriesBeforeForcingGC:10]]
[2021.03.09-01.59.02:721][  0]LogConfig: Setting CVar [[gc.AllowParallelGC:1]]
[2021.03.09-01.59.02:721][  0]LogConfig: Setting CVar [[gc.TimeBetweenPurgingPendingKillObjects:61.1]]
[2021.03.09-01.59.02:721][  0]LogConfig: Setting CVar [[gc.MaxObjectsInEditor:25165824]]
[2021.03.09-01.59.02:721][  0]LogConfig: Setting CVar [[gc.IncrementalBeginDestroyEnabled:1]]
[2021.03.09-01.59.02:721][  0]LogConfig: Setting CVar [[gc.CreateGCClusters:1]]
[2021.03.09-01.59.02:721][  0]LogConfig: Setting CVar [[gc.MinGCClusterSize:5]]
[2021.03.09-01.59.02:721][  0]LogConfig: Setting CVar [[gc.ActorClusteringEnabled:0]]
[2021.03.09-01.59.02:721][  0]LogConfig: Setting CVar [[gc.BlueprintClusteringEnabled:0]]
[2021.03.09-01.59.02:721][  0]LogConfig: Setting CVar [[gc.UseDisregardForGCOnDedicatedServers:0]]
[2021.03.09-01.59.02:721][  0]LogConfig: Applying CVar settings from Section [/Script/Engine.NetworkSettings] File [C:/Users/adamcaseystefanie/Documents/GitHub/Surfing-Bird-FPS/FPSGameStarterKit/Saved/Config/Windows/Engine.ini]
[2021.03.09-01.59.02:721][  0]LogConfig: Applying CVar settings from Section [/Script/UnrealEd.CookerSettings] File [C:/Users/adamcaseystefanie/Documents/GitHub/Surfing-Bird-FPS/FPSGameStarterKit/Saved/Config/Windows/Engine.ini]
[2021.03.09-01.59.02:724][  0]LogConfig: Applying CVar settings from Section [ViewDistanceQuality@3] File [C:/Users/adamcaseystefanie/Documents/GitHub/Surfing-Bird-FPS/FPSGameStarterKit/Saved/Config/Windows/Scalability.ini]
[2021.03.09-01.59.02:724][  0]LogConfig: Setting CVar [[r.SkeletalMeshLODBias:0]]
[2021.03.09-01.59.02:724][  0]LogConfig: Setting CVar [[r.ViewDistanceScale:1.0]]
[2021.03.09-01.59.02:724][  0]LogConfig: Applying CVar settings from Section [AntiAliasingQuality@3] File [C:/Users/adamcaseystefanie/Documents/GitHub/Surfing-Bird-FPS/FPSGameStarterKit/Saved/Config/Windows/Scalability.ini]
[2021.03.09-01.59.02:724][  0]LogConfig: Setting CVar [[r.PostProcessAAQuality:4]]
[2021.03.09-01.59.02:724][  0]LogConfig: Applying CVar settings from Section [ShadowQuality@3] File [C:/Users/adamcaseystefanie/Documents/GitHub/Surfing-Bird-FPS/FPSGameStarterKit/Saved/Config/Windows/Scalability.ini]
[2021.03.09-01.59.02:724][  0]LogConfig: Setting CVar [[r.LightFunctionQuality:1]]
[2021.03.09-01.59.02:724][  0]LogConfig: Setting CVar [[r.ShadowQuality:5]]
[2021.03.09-01.59.02:724][  0]LogConfig: Setting CVar [[r.Shadow.CSM.MaxCascades:10]]
[2021.03.09-01.59.02:724][  0]LogConfig: Setting CVar [[r.Shadow.MaxResolution:2048]]
[2021.03.09-01.59.02:724][  0]LogConfig: Setting CVar [[r.Shadow.MaxCSMResolution:2048]]
[2021.03.09-01.59.02:724][  0]LogConfig: Setting CVar [[r.Shadow.RadiusThreshold:0.01]]
[2021.03.09-01.59.02:724][  0]LogConfig: Setting CVar [[r.Shadow.DistanceScale:1.0]]
[2021.03.09-01.59.02:724][  0]LogConfig: Setting CVar [[r.Shadow.CSM.TransitionScale:1.0]]
[2021.03.09-01.59.02:724][  0]LogConfig: Setting CVar [[r.Shadow.PreShadowResolutionFactor:1.0]]
[2021.03.09-01.59.02:724][  0]LogConfig: Setting CVar [[r.DistanceFieldShadowing:1]]
[2021.03.09-01.59.02:724][  0]LogConfig: Setting CVar [[r.DistanceFieldAO:1]]
[2021.03.09-01.59.02:724][  0]LogConfig: Setting CVar [[r.AOQuality:2]]
[2021.03.09-01.59.02:724][  0]LogConfig: Setting CVar [[r.VolumetricFog:1]]
[2021.03.09-01.59.02:724][  0]LogConfig: Setting CVar [[r.VolumetricFog.GridPixelSize:8]]
[2021.03.09-01.59.02:724][  0]LogConfig: Setting CVar [[r.VolumetricFog.GridSizeZ:128]]
[2021.03.09-01.59.02:724][  0]LogConfig: Setting CVar [[r.VolumetricFog.HistoryMissSupersampleCount:4]]
[2021.03.09-01.59.02:724][  0]LogConfig: Setting CVar [[r.LightMaxDrawDistanceScale:1]]
[2021.03.09-01.59.02:724][  0]LogConfig: Setting CVar [[r.CapsuleShadows:1]]
[2021.03.09-01.59.02:724][  0]LogConfig: Applying CVar settings from Section [PostProcessQuality@3] File [C:/Users/adamcaseystefanie/Documents/GitHub/Surfing-Bird-FPS/FPSGameStarterKit/Saved/Config/Windows/Scalability.ini]
[2021.03.09-01.59.02:724][  0]LogConfig: Setting CVar [[r.MotionBlurQuality:4]]
[2021.03.09-01.59.02:724][  0]LogConfig: Setting CVar [[r.AmbientOcclusionMipLevelFactor:0.4]]
[2021.03.09-01.59.02:724][  0]LogConfig: Setting CVar [[r.AmbientOcclusionMaxQuality:100]]
[2021.03.09-01.59.02:725][  0]LogConfig: Setting CVar [[r.AmbientOcclusionLevels:-1]]
[2021.03.09-01.59.02:725][  0]LogConfig: Setting CVar [[r.AmbientOcclusionRadiusScale:1.0]]
[2021.03.09-01.59.02:725][  0]LogConfig: Setting CVar [[r.DepthOfFieldQuality:2]]
[2021.03.09-01.59.02:725][  0]LogConfig: Setting CVar [[r.RenderTargetPoolMin:400]]
[2021.03.09-01.59.02:725][  0]LogConfig: Setting CVar [[r.LensFlareQuality:2]]
[2021.03.09-01.59.02:725][  0]LogConfig: Setting CVar [[r.SceneColorFringeQuality:1]]
[2021.03.09-01.59.02:725][  0]LogConfig: Setting CVar [[r.EyeAdaptationQuality:2]]
[2021.03.09-01.59.02:725][  0]LogConfig: Setting CVar [[r.BloomQuality:5]]
[2021.03.09-01.59.02:725][  0]LogConfig: Setting CVar [[r.FastBlurThreshold:100]]
[2021.03.09-01.59.02:725][  0]LogConfig: Setting CVar [[r.Upscale.Quality:3]]
[2021.03.09-01.59.02:725][  0]LogConfig: Setting CVar [[r.Tonemapper.GrainQuantization:1]]
[2021.03.09-01.59.02:725][  0]LogConfig: Setting CVar [[r.LightShaftQuality:1]]
[2021.03.09-01.59.02:725][  0]LogConfig: Setting CVar [[r.Filter.SizeScale:1]]
[2021.03.09-01.59.02:725][  0]LogConfig: Setting CVar [[r.Tonemapper.Quality:5]]
[2021.03.09-01.59.02:725][  0]LogConfig: Setting CVar [[r.DOF.Gather.AccumulatorQuality:1        ; higher gathering accumulator quality]]
[2021.03.09-01.59.02:725][  0]LogConfig: Setting CVar [[r.DOF.Gather.PostfilterMethod:1          ; Median3x3 postfilering method]]
[2021.03.09-01.59.02:725][  0]LogConfig: Setting CVar [[r.DOF.Gather.EnableBokehSettings:0       ; no bokeh simulation when gathering]]
[2021.03.09-01.59.02:725][  0]LogConfig: Setting CVar [[r.DOF.Gather.RingCount:4                 ; medium number of samples when gathering]]
[2021.03.09-01.59.02:725][  0]LogConfig: Setting CVar [[r.DOF.Scatter.ForegroundCompositing:1    ; additive foreground scattering]]
[2021.03.09-01.59.02:725][  0]LogConfig: Setting CVar [[r.DOF.Scatter.BackgroundCompositing:2    ; additive background scattering]]
[2021.03.09-01.59.02:725][  0]LogConfig: Setting CVar [[r.DOF.Scatter.EnableBokehSettings:1      ; bokeh simulation when scattering]]
[2021.03.09-01.59.02:725][  0]LogConfig: Setting CVar [[r.DOF.Scatter.MaxSpriteRatio:0.1         ; only a maximum of 10% of scattered bokeh]]
[2021.03.09-01.59.02:725][  0]LogConfig: Setting CVar [[r.DOF.Recombine.Quality:1                ; cheap slight out of focus]]
[2021.03.09-01.59.02:725][  0]LogConfig: Setting CVar [[r.DOF.Recombine.EnableBokehSettings:0    ; no bokeh simulation on slight out of focus]]
[2021.03.09-01.59.02:725][  0]LogConfig: Setting CVar [[r.DOF.TemporalAAQuality:1                ; more stable temporal accumulation]]
[2021.03.09-01.59.02:725][  0]LogConfig: Setting CVar [[r.DOF.Kernel.MaxForegroundRadius:0.025]]
[2021.03.09-01.59.02:725][  0]LogConfig: Setting CVar [[r.DOF.Kernel.MaxBackgroundRadius:0.025]]
[2021.03.09-01.59.02:725][  0]LogConfig: Applying CVar settings from Section [TextureQuality@3] File [C:/Users/adamcaseystefanie/Documents/GitHub/Surfing-Bird-FPS/FPSGameStarterKit/Saved/Config/Windows/Scalability.ini]
[2021.03.09-01.59.02:725][  0]LogConfig: Setting CVar [[r.Streaming.MipBias:0]]
[2021.03.09-01.59.02:725][  0]LogConfig: Setting CVar [[r.Streaming.AmortizeCPUToGPUCopy:0]]
[2021.03.09-01.59.02:725][  0]LogConfig: Setting CVar [[r.Streaming.MaxNumTexturesToStreamPerFrame:0]]
[2021.03.09-01.59.02:725][  0]LogConfig: Setting CVar [[r.Streaming.Boost:1]]
[2021.03.09-01.59.02:725][  0]LogConfig: Setting CVar [[r.MaxAnisotropy:8]]
[2021.03.09-01.59.02:725][  0]LogConfig: Setting CVar [[r.VT.MaxAnisotropy:8]]
[2021.03.09-01.59.02:725][  0]LogConfig: Setting CVar [[r.Streaming.LimitPoolSizeToVRAM:0]]
[2021.03.09-01.59.02:725][  0]LogConfig: Setting CVar [[r.Streaming.PoolSize:1000]]
[2021.03.09-01.59.02:725][  0]LogConfig: Setting CVar [[r.Streaming.MaxEffectiveScreenSize:0]]
[2021.03.09-01.59.02:725][  0]LogConfig: Applying CVar settings from Section [EffectsQuality@3] File [C:/Users/adamcaseystefanie/Documents/GitHub/Surfing-Bird-FPS/FPSGameStarterKit/Saved/Config/Windows/Scalability.ini]
[2021.03.09-01.59.02:725][  0]LogConfig: Setting CVar [[r.TranslucencyLightingVolumeDim:64]]
[2021.03.09-01.59.02:725][  0]LogConfig: Setting CVar [[r.RefractionQuality:2]]
[2021.03.09-01.59.02:725][  0]LogConfig: Setting CVar [[r.SSR.Quality:3]]
[2021.03.09-01.59.02:725][  0]LogConfig: Setting CVar [[r.SSR.HalfResSceneColor:0]]
[2021.03.09-01.59.02:725][  0]LogConfig: Setting CVar [[r.SceneColorFormat:4]]
[2021.03.09-01.59.02:725][  0]LogConfig: Setting CVar [[r.DetailMode:2]]
[2021.03.09-01.59.02:725][  0]LogConfig: Setting CVar [[r.TranslucencyVolumeBlur:1]]
[2021.03.09-01.59.02:725][  0]LogConfig: Setting CVar [[r.MaterialQualityLevel:1 ; High quality]]
[2021.03.09-01.59.02:725][  0]LogConfig: Setting CVar [[r.SSS.Scale:1]]
[2021.03.09-01.59.02:725][  0]LogConfig: Setting CVar [[r.SSS.SampleSet:2]]
[2021.03.09-01.59.02:725][  0]LogConfig: Setting CVar [[r.SSS.Quality:1]]
[2021.03.09-01.59.02:725][  0]LogConfig: Setting CVar [[r.SSS.HalfRes:0]]
[2021.03.09-01.59.02:725][  0]LogConfig: Setting CVar [[r.SSGI.Quality:3]]
[2021.03.09-01.59.02:725][  0]LogConfig: Setting CVar [[r.EmitterSpawnRateScale:1.0]]
[2021.03.09-01.59.02:725][  0]LogConfig: Setting CVar [[r.ParticleLightQuality:2]]
[2021.03.09-01.59.02:725][  0]LogConfig: Setting CVar [[r.SkyAtmosphere.AerialPerspectiveLUT.FastApplyOnOpaque:1 ; Always have FastSkyLUT 1 in this case to avoid wrong sky]]
[2021.03.09-01.59.02:726][  0]LogConfig: Setting CVar [[r.SkyAtmosphere.AerialPerspectiveLUT.SampleCountPerSlice:1]]
[2021.03.09-01.59.02:726][  0]LogConfig: Setting CVar [[r.SkyAtmosphere.AerialPerspectiveLUT.DepthResolution:16.0]]
[2021.03.09-01.59.02:726][  0]LogConfig: Setting CVar [[r.SkyAtmosphere.FastSkyLUT:1]]
[2021.03.09-01.59.02:726][  0]LogConfig: Setting CVar [[r.SkyAtmosphere.FastSkyLUT.SampleCountMin:4.0]]
[2021.03.09-01.59.02:726][  0]LogConfig: Setting CVar [[r.SkyAtmosphere.FastSkyLUT.SampleCountMax:32.0]]
[2021.03.09-01.59.02:726][  0]LogConfig: Setting CVar [[r.SkyAtmosphere.SampleCountMin:4.0]]
[2021.03.09-01.59.02:726][  0]LogConfig: Setting CVar [[r.SkyAtmosphere.SampleCountMax:32.0]]
[2021.03.09-01.59.02:726][  0]LogConfig: Setting CVar [[r.SkyAtmosphere.TransmittanceLUT.UseSmallFormat:0]]
[2021.03.09-01.59.02:726][  0]LogConfig: Setting CVar [[r.SkyAtmosphere.TransmittanceLUT.SampleCount:10.0]]
[2021.03.09-01.59.02:726][  0]LogConfig: Setting CVar [[r.SkyAtmosphere.MultiScatteringLUT.SampleCount:15.0]]
[2021.03.09-01.59.02:726][  0]LogConfig: Applying CVar settings from Section [FoliageQuality@3] File [C:/Users/adamcaseystefanie/Documents/GitHub/Surfing-Bird-FPS/FPSGameStarterKit/Saved/Config/Windows/Scalability.ini]
[2021.03.09-01.59.02:726][  0]LogConfig: Setting CVar [[foliage.DensityScale:1.0]]
[2021.03.09-01.59.02:726][  0]LogConfig: Setting CVar [[grass.DensityScale:1.0]]
[2021.03.09-01.59.02:726][  0]LogConfig: Applying CVar settings from Section [ShadingQuality@3] File [C:/Users/adamcaseystefanie/Documents/GitHub/Surfing-Bird-FPS/FPSGameStarterKit/Saved/Config/Windows/Scalability.ini]
[2021.03.09-01.59.02:726][  0]LogConfig: Setting CVar [[r.HairStrands.SkyLighting.SampleCount:16]]
[2021.03.09-01.59.02:726][  0]LogConfig: Setting CVar [[r.HairStrands.SkyLighting.JitterIntegration:0]]
[2021.03.09-01.59.02:726][  0]LogConfig: Setting CVar [[r.HairStrands.SkyAO.SampleCount:16]]
[2021.03.09-01.59.02:726][  0]LogConfig: Setting CVar [[r.HairStrands.DeepShadow.SuperSampling:0]]
[2021.03.09-01.59.02:726][  0]LogConfig: Setting CVar [[r.HairStrands.VisibilityPPLL:0]]
[2021.03.09-01.59.02:726][  0]LogConfig: Setting CVar [[r.HairStrands.RasterizationScale:0.5]]
[2021.03.09-01.59.02:726][  0]LogConfig: Setting CVar [[r.HairStrands.VelocityRasterizationScale:1]]
[2021.03.09-01.59.02:726][  0]LogInit: Selected Device Profile: [Windows]
[2021.03.09-01.59.02:726][  0]LogInit: Applying CVar settings loaded from the selected device profile: [Windows]
[2021.03.09-01.59.02:726][  0]LogHAL: Display: Platform has ~ 32 GB [33779802112 / 34359738368 / 32], which maps to Largest [LargestMinGB=32, LargerMinGB=12, DefaultMinGB=8, SmallerMinGB=6, SmallestMinGB=0)
[2021.03.09-01.59.02:726][  0]LogInit: Going up to parent DeviceProfile []
[2021.03.09-01.59.02:726][  0]LogConfig: Applying CVar settings from Section [ViewDistanceQuality@3] File [C:/Users/adamcaseystefanie/Documents/GitHub/Surfing-Bird-FPS/FPSGameStarterKit/Saved/Config/Windows/Scalability.ini]
[2021.03.09-01.59.02:726][  0]LogConfig: Setting CVar [[r.SkeletalMeshLODBias:0]]
[2021.03.09-01.59.02:726][  0]LogConfig: Setting CVar [[r.ViewDistanceScale:1.0]]
[2021.03.09-01.59.02:726][  0]LogConfig: Applying CVar settings from Section [AntiAliasingQuality@3] File [C:/Users/adamcaseystefanie/Documents/GitHub/Surfing-Bird-FPS/FPSGameStarterKit/Saved/Config/Windows/Scalability.ini]
[2021.03.09-01.59.02:726][  0]LogConfig: Setting CVar [[r.PostProcessAAQuality:4]]
[2021.03.09-01.59.02:726][  0]LogConfig: Applying CVar settings from Section [ShadowQuality@3] File [C:/Users/adamcaseystefanie/Documents/GitHub/Surfing-Bird-FPS/FPSGameStarterKit/Saved/Config/Windows/Scalability.ini]
[2021.03.09-01.59.02:726][  0]LogConfig: Setting CVar [[r.LightFunctionQuality:1]]
[2021.03.09-01.59.02:726][  0]LogConfig: Setting CVar [[r.ShadowQuality:5]]
[2021.03.09-01.59.02:726][  0]LogConfig: Setting CVar [[r.Shadow.CSM.MaxCascades:10]]
[2021.03.09-01.59.02:726][  0]LogConfig: Setting CVar [[r.Shadow.MaxResolution:2048]]
[2021.03.09-01.59.02:726][  0]LogConfig: Setting CVar [[r.Shadow.MaxCSMResolution:2048]]
[2021.03.09-01.59.02:726][  0]LogConfig: Setting CVar [[r.Shadow.RadiusThreshold:0.01]]
[2021.03.09-01.59.02:726][  0]LogConfig: Setting CVar [[r.Shadow.DistanceScale:1.0]]
[2021.03.09-01.59.02:726][  0]LogConfig: Setting CVar [[r.Shadow.CSM.TransitionScale:1.0]]
[2021.03.09-01.59.02:726][  0]LogConfig: Setting CVar [[r.Shadow.PreShadowResolutionFactor:1.0]]
[2021.03.09-01.59.02:726][  0]LogConfig: Setting CVar [[r.DistanceFieldShadowing:1]]
[2021.03.09-01.59.02:726][  0]LogConfig: Setting CVar [[r.DistanceFieldAO:1]]
[2021.03.09-01.59.02:726][  0]LogConfig: Setting CVar [[r.AOQuality:2]]
[2021.03.09-01.59.02:726][  0]LogConfig: Setting CVar [[r.VolumetricFog:1]]
[2021.03.09-01.59.02:726][  0]LogConfig: Setting CVar [[r.VolumetricFog.GridPixelSize:8]]
[2021.03.09-01.59.02:726][  0]LogConfig: Setting CVar [[r.VolumetricFog.GridSizeZ:128]]
[2021.03.09-01.59.02:726][  0]LogConfig: Setting CVar [[r.VolumetricFog.HistoryMissSupersampleCount:4]]
[2021.03.09-01.59.02:726][  0]LogConfig: Setting CVar [[r.LightMaxDrawDistanceScale:1]]
[2021.03.09-01.59.02:726][  0]LogConfig: Setting CVar [[r.CapsuleShadows:1]]
[2021.03.09-01.59.02:727][  0]LogConfig: Applying CVar settings from Section [PostProcessQuality@3] File [C:/Users/adamcaseystefanie/Documents/GitHub/Surfing-Bird-FPS/FPSGameStarterKit/Saved/Config/Windows/Scalability.ini]
[2021.03.09-01.59.02:727][  0]LogConfig: Setting CVar [[r.MotionBlurQuality:4]]
[2021.03.09-01.59.02:727][  0]LogConfig: Setting CVar [[r.AmbientOcclusionMipLevelFactor:0.4]]
[2021.03.09-01.59.02:727][  0]LogConfig: Setting CVar [[r.AmbientOcclusionMaxQuality:100]]
[2021.03.09-01.59.02:727][  0]LogConfig: Setting CVar [[r.AmbientOcclusionLevels:-1]]
[2021.03.09-01.59.02:727][  0]LogConfig: Setting CVar [[r.AmbientOcclusionRadiusScale:1.0]]
[2021.03.09-01.59.02:727][  0]LogConfig: Setting CVar [[r.DepthOfFieldQuality:2]]
[2021.03.09-01.59.02:727][  0]LogConfig: Setting CVar [[r.RenderTargetPoolMin:400]]
[2021.03.09-01.59.02:727][  0]LogConfig: Setting CVar [[r.LensFlareQuality:2]]
[2021.03.09-01.59.02:727][  0]LogConfig: Setting CVar [[r.SceneColorFringeQuality:1]]
[2021.03.09-01.59.02:727][  0]LogConfig: Setting CVar [[r.EyeAdaptationQuality:2]]
[2021.03.09-01.59.02:727][  0]LogConfig: Setting CVar [[r.BloomQuality:5]]
[2021.03.09-01.59.02:727][  0]LogConfig: Setting CVar [[r.FastBlurThreshold:100]]
[2021.03.09-01.59.02:727][  0]LogConfig: Setting CVar [[r.Upscale.Quality:3]]
[2021.03.09-01.59.02:727][  0]LogConfig: Setting CVar [[r.Tonemapper.GrainQuantization:1]]
[2021.03.09-01.59.02:727][  0]LogConfig: Setting CVar [[r.LightShaftQuality:1]]
[2021.03.09-01.59.02:727][  0]LogConfig: Setting CVar [[r.Filter.SizeScale:1]]
[2021.03.09-01.59.02:727][  0]LogConfig: Setting CVar [[r.Tonemapper.Quality:5]]
[2021.03.09-01.59.02:727][  0]LogConfig: Setting CVar [[r.DOF.Gather.AccumulatorQuality:1        ; higher gathering accumulator quality]]
[2021.03.09-01.59.02:727][  0]LogConfig: Setting CVar [[r.DOF.Gather.PostfilterMethod:1          ; Median3x3 postfilering method]]
[2021.03.09-01.59.02:727][  0]LogConfig: Setting CVar [[r.DOF.Gather.EnableBokehSettings:0       ; no bokeh simulation when gathering]]
[2021.03.09-01.59.02:727][  0]LogConfig: Setting CVar [[r.DOF.Gather.RingCount:4                 ; medium number of samples when gathering]]
[2021.03.09-01.59.02:727][  0]LogConfig: Setting CVar [[r.DOF.Scatter.ForegroundCompositing:1    ; additive foreground scattering]]
[2021.03.09-01.59.02:727][  0]LogConfig: Setting CVar [[r.DOF.Scatter.BackgroundCompositing:2    ; additive background scattering]]
[2021.03.09-01.59.02:727][  0]LogConfig: Setting CVar [[r.DOF.Scatter.EnableBokehSettings:1      ; bokeh simulation when scattering]]
[2021.03.09-01.59.02:727][  0]LogConfig: Setting CVar [[r.DOF.Scatter.MaxSpriteRatio:0.1         ; only a maximum of 10% of scattered bokeh]]
[2021.03.09-01.59.02:727][  0]LogConfig: Setting CVar [[r.DOF.Recombine.Quality:1                ; cheap slight out of focus]]
[2021.03.09-01.59.02:727][  0]LogConfig: Setting CVar [[r.DOF.Recombine.EnableBokehSettings:0    ; no bokeh simulation on slight out of focus]]
[2021.03.09-01.59.02:727][  0]LogConfig: Setting CVar [[r.DOF.TemporalAAQuality:1                ; more stable temporal accumulation]]
[2021.03.09-01.59.02:727][  0]LogConfig: Setting CVar [[r.DOF.Kernel.MaxForegroundRadius:0.025]]
[2021.03.09-01.59.02:727][  0]LogConfig: Setting CVar [[r.DOF.Kernel.MaxBackgroundRadius:0.025]]
[2021.03.09-01.59.02:727][  0]LogConfig: Applying CVar settings from Section [TextureQuality@3] File [C:/Users/adamcaseystefanie/Documents/GitHub/Surfing-Bird-FPS/FPSGameStarterKit/Saved/Config/Windows/Scalability.ini]
[2021.03.09-01.59.02:727][  0]LogConfig: Setting CVar [[r.Streaming.MipBias:0]]
[2021.03.09-01.59.02:727][  0]LogConfig: Setting CVar [[r.Streaming.AmortizeCPUToGPUCopy:0]]
[2021.03.09-01.59.02:727][  0]LogConfig: Setting CVar [[r.Streaming.MaxNumTexturesToStreamPerFrame:0]]
[2021.03.09-01.59.02:727][  0]LogConfig: Setting CVar [[r.Streaming.Boost:1]]
[2021.03.09-01.59.02:727][  0]LogConfig: Setting CVar [[r.MaxAnisotropy:8]]
[2021.03.09-01.59.02:727][  0]LogConfig: Setting CVar [[r.VT.MaxAnisotropy:8]]
[2021.03.09-01.59.02:727][  0]LogConfig: Setting CVar [[r.Streaming.LimitPoolSizeToVRAM:0]]
[2021.03.09-01.59.02:727][  0]LogConfig: Setting CVar [[r.Streaming.PoolSize:1000]]
[2021.03.09-01.59.02:727][  0]LogConfig: Setting CVar [[r.Streaming.MaxEffectiveScreenSize:0]]
[2021.03.09-01.59.02:727][  0]LogConfig: Applying CVar settings from Section [EffectsQuality@3] File [C:/Users/adamcaseystefanie/Documents/GitHub/Surfing-Bird-FPS/FPSGameStarterKit/Saved/Config/Windows/Scalability.ini]
[2021.03.09-01.59.02:727][  0]LogConfig: Setting CVar [[r.TranslucencyLightingVolumeDim:64]]
[2021.03.09-01.59.02:727][  0]LogConfig: Setting CVar [[r.RefractionQuality:2]]
[2021.03.09-01.59.02:727][  0]LogConfig: Setting CVar [[r.SSR.Quality:3]]
[2021.03.09-01.59.02:727][  0]LogConfig: Setting CVar [[r.SSR.HalfResSceneColor:0]]
[2021.03.09-01.59.02:728][  0]LogConfig: Setting CVar [[r.SceneColorFormat:4]]
[2021.03.09-01.59.02:728][  0]LogConfig: Setting CVar [[r.DetailMode:2]]
[2021.03.09-01.59.02:728][  0]LogConfig: Setting CVar [[r.TranslucencyVolumeBlur:1]]
[2021.03.09-01.59.02:728][  0]LogConfig: Setting CVar [[r.MaterialQualityLevel:1 ; High quality]]
[2021.03.09-01.59.02:728][  0]LogConfig: Setting CVar [[r.SSS.Scale:1]]
[2021.03.09-01.59.02:728][  0]LogConfig: Setting CVar [[r.SSS.SampleSet:2]]
[2021.03.09-01.59.02:728][  0]LogConfig: Setting CVar [[r.SSS.Quality:1]]
[2021.03.09-01.59.02:728][  0]LogConfig: Setting CVar [[r.SSS.HalfRes:0]]
[2021.03.09-01.59.02:728][  0]LogConfig: Setting CVar [[r.SSGI.Quality:3]]
[2021.03.09-01.59.02:728][  0]LogConfig: Setting CVar [[r.EmitterSpawnRateScale:1.0]]
[2021.03.09-01.59.02:728][  0]LogConfig: Setting CVar [[r.ParticleLightQuality:2]]
[2021.03.09-01.59.02:728][  0]LogConfig: Setting CVar [[r.SkyAtmosphere.AerialPerspectiveLUT.FastApplyOnOpaque:1 ; Always have FastSkyLUT 1 in this case to avoid wrong sky]]
[2021.03.09-01.59.02:728][  0]LogConfig: Setting CVar [[r.SkyAtmosphere.AerialPerspectiveLUT.SampleCountPerSlice:1]]
[2021.03.09-01.59.02:728][  0]LogConfig: Setting CVar [[r.SkyAtmosphere.AerialPerspectiveLUT.DepthResolution:16.0]]
[2021.03.09-01.59.02:728][  0]LogConfig: Setting CVar [[r.SkyAtmosphere.FastSkyLUT:1]]
[2021.03.09-01.59.02:728][  0]LogConfig: Setting CVar [[r.SkyAtmosphere.FastSkyLUT.SampleCountMin:4.0]]
[2021.03.09-01.59.02:728][  0]LogConfig: Setting CVar [[r.SkyAtmosphere.FastSkyLUT.SampleCountMax:32.0]]
[2021.03.09-01.59.02:728][  0]LogConfig: Setting CVar [[r.SkyAtmosphere.SampleCountMin:4.0]]
[2021.03.09-01.59.02:728][  0]LogConfig: Setting CVar [[r.SkyAtmosphere.SampleCountMax:32.0]]
[2021.03.09-01.59.02:728][  0]LogConfig: Setting CVar [[r.SkyAtmosphere.TransmittanceLUT.UseSmallFormat:0]]
[2021.03.09-01.59.02:728][  0]LogConfig: Setting CVar [[r.SkyAtmosphere.TransmittanceLUT.SampleCount:10.0]]
[2021.03.09-01.59.02:728][  0]LogConfig: Setting CVar [[r.SkyAtmosphere.MultiScatteringLUT.SampleCount:15.0]]
[2021.03.09-01.59.02:728][  0]LogConfig: Applying CVar settings from Section [FoliageQuality@3] File [C:/Users/adamcaseystefanie/Documents/GitHub/Surfing-Bird-FPS/FPSGameStarterKit/Saved/Config/Windows/Scalability.ini]
[2021.03.09-01.59.02:728][  0]LogConfig: Setting CVar [[foliage.DensityScale:1.0]]
[2021.03.09-01.59.02:728][  0]LogConfig: Setting CVar [[grass.DensityScale:1.0]]
[2021.03.09-01.59.02:728][  0]LogConfig: Applying CVar settings from Section [ShadingQuality@3] File [C:/Users/adamcaseystefanie/Documents/GitHub/Surfing-Bird-FPS/FPSGameStarterKit/Saved/Config/Windows/Scalability.ini]
[2021.03.09-01.59.02:728][  0]LogConfig: Setting CVar [[r.HairStrands.SkyLighting.SampleCount:16]]
[2021.03.09-01.59.02:728][  0]LogConfig: Setting CVar [[r.HairStrands.SkyLighting.JitterIntegration:0]]
[2021.03.09-01.59.02:728][  0]LogConfig: Setting CVar [[r.HairStrands.SkyAO.SampleCount:16]]
[2021.03.09-01.59.02:728][  0]LogConfig: Setting CVar [[r.HairStrands.DeepShadow.SuperSampling:0]]
[2021.03.09-01.59.02:728][  0]LogConfig: Setting CVar [[r.HairStrands.VisibilityPPLL:0]]
[2021.03.09-01.59.02:728][  0]LogConfig: Setting CVar [[r.HairStrands.RasterizationScale:0.5]]
[2021.03.09-01.59.02:728][  0]LogConfig: Setting CVar [[r.HairStrands.VelocityRasterizationScale:1]]
[2021.03.09-01.59.02:728][  0]LogConfig: Applying CVar settings from Section [Startup] File [../../../Engine/Config/ConsoleVariables.ini]
[2021.03.09-01.59.02:728][  0]LogConfig: Setting CVar [[net.UseAdaptiveNetUpdateFrequency:0]]
[2021.03.09-01.59.02:728][  0]LogConfig: Setting CVar [[p.chaos.AllowCreatePhysxBodies:1]]
[2021.03.09-01.59.02:728][  0]LogConfig: Setting CVar [[fx.SkipVectorVMBackendOptimizations:1]]
[2021.03.09-01.59.02:728][  0]LogConfig: Applying CVar settings from Section [ConsoleVariables] File [C:/Users/adamcaseystefanie/Documents/GitHub/Surfing-Bird-FPS/FPSGameStarterKit/Saved/Config/Windows/Engine.ini]
[2021.03.09-01.59.02:729][  0]LogInit: Computer: CASEYLENOVO
[2021.03.09-01.59.02:729][  0]LogInit: User: adamcaseystefanie
[2021.03.09-01.59.02:729][  0]LogInit: CPU Page size=4096, Cores=2
[2021.03.09-01.59.02:729][  0]LogInit: High frequency timer resolution =10.000000 MHz
[2021.03.09-01.59.02:729][  0]LogMemory: Memory total: Physical=31.5GB (32GB approx)
[2021.03.09-01.59.02:729][  0]LogMemory: Platform Memory Stats for Windows
[2021.03.09-01.59.02:729][  0]LogMemory: Process Physical Memory: 113.00 MB used, 113.00 MB peak
[2021.03.09-01.59.02:729][  0]LogMemory: Process Virtual Memory: 95.25 MB used, 95.25 MB peak
[2021.03.09-01.59.02:729][  0]LogMemory: Physical Memory: 8155.19 MB used,  24059.74 MB free, 32214.93 MB total
[2021.03.09-01.59.02:729][  0]LogMemory: Virtual Memory: 5123.09 MB used,  134212608.00 MB free, 134217728.00 MB total
[2021.03.09-01.59.02:735][  0]LogWindows: WindowsPlatformFeatures enabled
[2021.03.09-01.59.02:816][  0]LogInit: Physics initialised using underlying interface: PhysX
[2021.03.09-01.59.02:817][  0]LogInit: Using OS detected language (en-US).
[2021.03.09-01.59.02:817][  0]LogInit: Using OS detected locale (en-US).
[2021.03.09-01.59.02:824][  0]LogTextLocalizationManager: No specific localization for 'en-US' exists, so the 'en' localization will be used.
[2021.03.09-01.59.03:031][  0]LogInit: Setting process to per monitor DPI aware
[2021.03.09-01.59.03:085][  0]LogSlate: New Slate User Created.  User Index 0, Is Virtual User: 0
[2021.03.09-01.59.03:085][  0]LogSlate: Slate User Registered.  User Index 0, Is Virtual User: 0
[2021.03.09-01.59.03:366][  0]LogHMD: Failed to initialize OpenVR with code 110
[2021.03.09-01.59.03:366][  0]LogD3D11RHI: D3D11 min allowed feature level: 11_0
[2021.03.09-01.59.03:366][  0]LogD3D11RHI: D3D11 max allowed feature level: 11_0
[2021.03.09-01.59.03:366][  0]LogD3D11RHI: D3D11 adapters:
[2021.03.09-01.59.03:458][  0]LogD3D11RHI:    0. 'NVIDIA GeForce GTX 950M' (Feature Level 11_0)
[2021.03.09-01.59.03:458][  0]LogD3D11RHI:       2010/0/16107 MB DedicatedVideo/DedicatedSystem/SharedSystem, Outputs:1, VendorId:0x10de
[2021.03.09-01.59.03:497][  0]LogD3D11RHI:    1. 'Intel(R) HD Graphics 620' (Feature Level 11_0)
[2021.03.09-01.59.03:497][  0]LogD3D11RHI:       128/0/16107 MB DedicatedVideo/DedicatedSystem/SharedSystem, Outputs:0, VendorId:0x8086
[2021.03.09-01.59.03:500][  0]LogD3D11RHI:    2. 'Microsoft Basic Render Driver' (Feature Level 11_0)
[2021.03.09-01.59.03:500][  0]LogD3D11RHI:       0/0/16107 MB DedicatedVideo/DedicatedSystem/SharedSystem, Outputs:0, VendorId:0x1414
[2021.03.09-01.59.03:500][  0]LogD3D11RHI: Chosen D3D11 Adapter: 0
[2021.03.09-01.59.03:507][  0]LogD3D11RHI: Creating new Direct3DDevice
[2021.03.09-01.59.03:507][  0]LogD3D11RHI:     GPU DeviceId: 0x139a (for the marketing name, search the web for "GPU Device Id")
[2021.03.09-01.59.03:507][  0]LogWindows: EnumDisplayDevices:
[2021.03.09-01.59.03:508][  0]LogWindows:    0. 'Intel(R) HD Graphics 620' (P:1 D:1)
[2021.03.09-01.59.03:508][  0]LogWindows:    1. 'Intel(R) HD Graphics 620' (P:0 D:0)
[2021.03.09-01.59.03:509][  0]LogWindows:    2. 'Intel(R) HD Graphics 620' (P:0 D:0)
[2021.03.09-01.59.03:509][  0]LogWindows: DebugString: PrimaryIsNotTheChoosenAdapter PrimaryIsNotTheChoosenAdapter PrimaryIsNotTheChoosenAdapter FoundDriverCount:0 
[2021.03.09-01.59.03:509][  0]LogD3D11RHI:     Adapter Name: NVIDIA GeForce GTX 950M
[2021.03.09-01.59.03:509][  0]LogD3D11RHI:   Driver Version: Unknown (internal:Unknown, unified:Unknown)
[2021.03.09-01.59.03:509][  0]LogD3D11RHI:      Driver Date: Unknown
[2021.03.09-01.59.03:509][  0]LogRHI: Texture pool is 1407 MB (70% of 2010 MB)
[2021.03.09-01.59.03:582][  0]LogD3D11RHI: RHI has support for 64 bit atomics
[2021.03.09-01.59.03:582][  0]LogD3D11RHI: Async texture creation enabled
[2021.03.09-01.59.03:612][  0]LogD3D11RHI: GPU Timing Frequency: 1000.000000 (Debug: 2 1)
[2021.03.09-01.59.04:056][  0]LogTargetPlatformManager: Display: Loaded TargetPlatform 'AllDesktop'
[2021.03.09-01.59.04:087][  0]LogTargetPlatformManager: Display: Loaded TargetPlatform 'Android'
[2021.03.09-01.59.04:087][  0]LogTargetPlatformManager: Display: Loaded TargetPlatform 'Android_ASTC'
[2021.03.09-01.59.04:087][  0]LogTargetPlatformManager: Display: Loaded TargetPlatform 'Android_DXT'
[2021.03.09-01.59.04:087][  0]LogTargetPlatformManager: Display: Loaded TargetPlatform 'Android_ETC2'
[2021.03.09-01.59.04:087][  0]LogTargetPlatformManager: Display: Loaded TargetPlatform 'AndroidClient'
[2021.03.09-01.59.04:087][  0]LogTargetPlatformManager: Display: Loaded TargetPlatform 'Android_ASTCClient'
[2021.03.09-01.59.04:087][  0]LogTargetPlatformManager: Display: Loaded TargetPlatform 'Android_DXTClient'
[2021.03.09-01.59.04:087][  0]LogTargetPlatformManager: Display: Loaded TargetPlatform 'Android_ETC2Client'
[2021.03.09-01.59.04:087][  0]LogTargetPlatformManager: Display: Loaded TargetPlatform 'Android_Multi'
[2021.03.09-01.59.04:087][  0]LogTargetPlatformManager: Display: Loaded TargetPlatform 'Android_MultiClient'
[2021.03.09-01.59.04:117][  0]LogTargetPlatformManager: Display: Loaded TargetPlatform 'IOSClient'
[2021.03.09-01.59.04:117][  0]LogTargetPlatformManager: Display: Loaded TargetPlatform 'IOS'
[2021.03.09-01.59.04:131][  0]LogTargetPlatformManager: Display: Loaded TargetPlatform 'Linux'
[2021.03.09-01.59.04:144][  0]LogTargetPlatformManager: Display: Loaded TargetPlatform 'LinuxNoEditor'
[2021.03.09-01.59.04:159][  0]LogTargetPlatformManager: Display: Loaded TargetPlatform 'LinuxClient'
[2021.03.09-01.59.04:170][  0]LogTargetPlatformManager: Display: Loaded TargetPlatform 'LinuxServer'
[2021.03.09-01.59.04:182][  0]LogTargetPlatformManager: Display: Loaded TargetPlatform 'LinuxAArch64NoEditor'
[2021.03.09-01.59.04:194][  0]LogTargetPlatformManager: Display: Loaded TargetPlatform 'LinuxAArch64Client'
[2021.03.09-01.59.04:206][  0]LogTargetPlatformManager: Display: Loaded TargetPlatform 'LinuxAArch64Server'
[2021.03.09-01.59.04:242][  0]LogTargetPlatformManager: Display: Loaded TargetPlatform 'Lumin'
[2021.03.09-01.59.04:242][  0]LogTargetPlatformManager: Display: Loaded TargetPlatform 'LuminClient'
[2021.03.09-01.59.04:263][  0]LogTargetPlatformManager: Display: Loaded TargetPlatform 'TVOSClient'
[2021.03.09-01.59.04:263][  0]LogTargetPlatformManager: Display: Loaded TargetPlatform 'TVOS'
[2021.03.09-01.59.04:276][  0]LogTargetPlatformManager: Display: Loaded TargetPlatform 'WindowsNoEditor'
[2021.03.09-01.59.04:288][  0]LogTargetPlatformManager: Display: Loaded TargetPlatform 'Windows'
[2021.03.09-01.59.04:298][  0]LogTargetPlatformManager: Display: Loaded TargetPlatform 'WindowsClient'
[2021.03.09-01.59.04:312][  0]LogTargetPlatformManager: Display: Loaded TargetPlatform 'WindowsServer'
[2021.03.09-01.59.04:312][  0]LogTargetPlatformManager: Display: Building Assets For Windows
[2021.03.09-01.59.04:322][  0]LogAudioDebug: Display: Lib vorbis DLL was dynamically loaded.
[2021.03.09-01.59.04:397][  0]LogShaderCompilers: Guid format shader working directory is -35 characters bigger than the processId version (../../../../../../Users/adamcaseystefanie/Documents/GitHub/Surfing-Bird-FPS/FPSGameStarterKit/Intermediate/Shaders/WorkingDirectory/2996/).
[2021.03.09-01.59.04:397][  0]LogShaderCompilers: Cleaned the shader compiler working directory 'C:/Users/adamcaseystefanie/AppData/Local/Temp/UnrealShaderWorkingDir/45461F984CBB2A0A9D1D5DBCBED8C4BB/'.
[2021.03.09-01.59.04:398][  0]LogXGEController: Cannot use XGE Controller as Incredibuild is not installed on this machine.
[2021.03.09-01.59.04:398][  0]LogShaderCompilers: Cannot use XGE Shader Compiler as Incredibuild is not installed on this machine.
[2021.03.09-01.59.04:398][  0]LogShaderCompilers: Display: Using Local Shader Compiler.
[2021.03.09-01.59.05:277][  0]LogDerivedDataCache: Display: Max Cache Size: 512 MB
[2021.03.09-01.59.05:330][  0]LogDerivedDataCache: Loaded boot cache 0.05s 76MB C:/Users/adamcaseystefanie/AppData/Local/UnrealEngine/4.25/DerivedDataCache/Boot.ddc.
[2021.03.09-01.59.05:330][  0]LogDerivedDataCache: Display: Loaded Boot cache: C:/Users/adamcaseystefanie/AppData/Local/UnrealEngine/4.25/DerivedDataCache/Boot.ddc
[2021.03.09-01.59.05:330][  0]LogDerivedDataCache: FDerivedDataBackendGraph:  Pak pak cache file ../../../../../../Users/adamcaseystefanie/Documents/GitHub/Surfing-Bird-FPS/FPSGameStarterKit/DerivedDataCache/DDC.ddp not found, will not use a pak cache.
[2021.03.09-01.59.05:330][  0]LogDerivedDataCache: Unable to find inner node Pak for hierarchical cache Hierarchy.
[2021.03.09-01.59.05:330][  0]LogDerivedDataCache: FDerivedDataBackendGraph:  CompressedPak pak cache file ../../../../../../Users/adamcaseystefanie/Documents/GitHub/Surfing-Bird-FPS/FPSGameStarterKit/DerivedDataCache/Compressed.ddp not found, will not use a pak cache.
[2021.03.09-01.59.05:330][  0]LogDerivedDataCache: Unable to find inner node CompressedPak for hierarchical cache Hierarchy.
[2021.03.09-01.59.05:343][  0]LogDerivedDataCache: Display: Pak cache opened for reading ../../../Engine/DerivedDataCache/Compressed.ddp.
[2021.03.09-01.59.05:344][  0]LogDerivedDataCache: FDerivedDataBackendGraph:  EnterprisePak pak cache file ../../../Enterprise/DerivedDataCache/Compressed.ddp not found, will not use a pak cache.
[2021.03.09-01.59.05:344][  0]LogDerivedDataCache: Unable to find inner node EnterprisePak for hierarchical cache Hierarchy.
[2021.03.09-01.59.05:345][  0]LogDerivedDataCache: Using Local data cache path C:/Users/adamcaseystefanie/AppData/Local/UnrealEngine/Common/DerivedDataCache: Writable
[2021.03.09-01.59.05:345][  0]LogDerivedDataCache: Shared data cache path not found in *engine.ini, will not use an Shared cache.
[2021.03.09-01.59.05:345][  0]LogDerivedDataCache: Unable to find inner node Shared for hierarchical cache Hierarchy.
[2021.03.09-01.59.05:400][  0]LogSlate: Using FreeType 2.10.0
[2021.03.09-01.59.05:401][  0]LogSlate: SlateFontServices - WITH_FREETYPE: 1, WITH_HARFBUZZ: 1
[2021.03.09-01.59.05:440][  0]LogAssetRegistry: FAssetRegistry took 0.0031 seconds to start up
[2021.03.09-01.59.05:766][  0]LogInit: Selected Device Profile: [Windows]
[2021.03.09-01.59.05:906][  0]LogMeshReduction: Using QuadricMeshReduction for automatic static mesh reduction
[2021.03.09-01.59.05:906][  0]LogMeshReduction: Using SimplygonMeshReduction for automatic skeletal mesh reduction
[2021.03.09-01.59.05:906][  0]LogMeshReduction: Using ProxyLODMeshReduction for automatic mesh merging
[2021.03.09-01.59.05:906][  0]LogMeshReduction: No distributed automatic mesh merging module available
[2021.03.09-01.59.05:906][  0]LogMeshMerging: No distributed automatic mesh merging module available
[2021.03.09-01.59.05:927][  0]LogNetVersion: FPSGameStarterKit 1.0.0, NetCL: 13144385, EngineNetVer: 14, GameNetVer: 0 (Checksum: 3513021984)
[2021.03.09-01.59.06:558][  0]LogAISub: UAISubsystem::UAISubsystem AISubsystem (00000282132592C0), frame # 0
[2021.03.09-01.59.06:558][  0]LogAISub: UAISubsystem::UAISubsystem AIPerceptionSystem (0000028213196AC0), frame # 0
[2021.03.09-01.59.06:559][  0]LogAISub: UAISubsystem::UAISubsystem EnvQueryManager (00000282131EDE00), frame # 0
[2021.03.09-01.59.06:608][  0]LogPackageLocalizationCache: Processed 19 localized package path(s) for 1 prioritized culture(s) in 0.041324 seconds
[2021.03.09-01.59.06:615][  0]LogUObjectArray: 15917 objects as part of root set at end of initial load.
[2021.03.09-01.59.06:615][  0]LogUObjectAllocator: 3965568 out of 0 bytes used by permanent object pool.
[2021.03.09-01.59.06:615][  0]LogUObjectArray: CloseDisregardForGC: 0/0 objects in disregard for GC pool
[2021.03.09-01.59.07:044][  0]LogTcpMessaging: Initializing TcpMessaging bridge
[2021.03.09-01.59.07:049][  0]LogUdpMessaging: Initializing bridge on interface 0.0.0.0:0 to multicast group 230.0.0.1:6666.
[2021.03.09-01.59.07:148][  0]SourceControl: Source control is disabled
[2021.03.09-01.59.07:148][  0]SourceControl: Source control is disabled
[2021.03.09-01.59.07:153][  0]SourceControl: Source control is disabled
[2021.03.09-01.59.07:157][  0]SourceControl: Source control is disabled
[2021.03.09-01.59.07:166][  0]SourceControl: Source control is disabled
[2021.03.09-01.59.07:488][  0]LogAndroidPermission: UAndroidPermissionCallbackProxy::GetInstance
[2021.03.09-01.59.07:514][  0]LogAudioCaptureCore: Display: No Audio Capture implementations found. Audio input will be silent.
[2021.03.09-01.59.07:514][  0]LogAudioCaptureCore: Display: No Audio Capture implementations found. Audio input will be silent.
[2021.03.09-01.59.07:570][  0]LogOcInput: OculusInput pre-init called
[2021.03.09-01.59.07:583][  0]LogWindows: Failed to load 'OVRPlugin.dll' (GetLastError=126)
[2021.03.09-01.59.07:583][  0]LogWindows: File 'OVRPlugin.dll' does not exist
[2021.03.09-01.59.07:659][  0]LogEngine: Initializing Engine...
[2021.03.09-01.59.07:660][  0]LogHMD: Failed to initialize OpenVR with code 110
[2021.03.09-01.59.07:660][  0]LogMagicLeap: Warning: VR disabled because ZI is not enabled.  To enable, in the editor, Edit -> Project Settings -> Plugins -> Magic Leap Plugin -> Enable Zero Iteration
[2021.03.09-01.59.07:661][  0]LogStats: UGameplayTagsManager::InitializeManager -  0.000 s
[2021.03.09-01.59.07:796][  0]LogInit: Initializing FReadOnlyCVARCache
[2021.03.09-01.59.07:804][  0]LogAIModule: Creating AISystem for world Untitled
[2021.03.09-01.59.07:804][  0]LogAISub: UAISubsystem::UAISubsystem EnvQueryManager (0000028218AA3C00), frame # 0
[2021.03.09-01.59.07:804][  0]LogAISub: UAISubsystem::UAISubsystem AIPerceptionSystem (0000028218B64A40), frame # 0
[2021.03.09-01.59.07:829][  0]LogAudioMixer: Display: Audio Mixer Platform Settings:
[2021.03.09-01.59.07:829][  0]LogAudioMixer: Display: 	Sample Rate:						  48000
[2021.03.09-01.59.07:829][  0]LogAudioMixer: Display: 	Callback Buffer Frame Size Requested: 1024
[2021.03.09-01.59.07:829][  0]LogAudioMixer: Display: 	Callback Buffer Frame Size To Use:	  1024
[2021.03.09-01.59.07:829][  0]LogAudioMixer: Display: 	Number of buffers to queue:			  2
[2021.03.09-01.59.07:829][  0]LogAudioMixer: Display: 	Max Channels (voices):				  32
[2021.03.09-01.59.07:829][  0]LogAudioMixer: Display: 	Number of Async Source Workers:		  0
[2021.03.09-01.59.07:829][  0]LogAudio: Display: AudioDevice MaxSources: 32
[2021.03.09-01.59.07:829][  0]LogAudio: Display: Using built-in audio occlusion.
[2021.03.09-01.59.07:829][  0]LogAudioMixer: Display: Initializing audio mixer.
[2021.03.09-01.59.07:856][  0]LogAudioMixer: Display: 0: FrontLeft
[2021.03.09-01.59.07:856][  0]LogAudioMixer: Display: 1: FrontRight
[2021.03.09-01.59.07:964][  0]LogAudioMixer: Display: Using Audio Device Speakers (Conexant SmartAudio HD)
[2021.03.09-01.59.07:966][  0]LogAudioMixer: Display: Initializing Sound Submixes...
[2021.03.09-01.59.07:969][  0]LogAudioMixer: Display: Creating Master Submix 'MasterSubmixDefault'
[2021.03.09-01.59.07:969][  0]LogAudioMixer: Display: Creating Master Submix 'MasterReverbSubmixDefault'
[2021.03.09-01.59.07:970][  0]LogAudioMixer: Display: Creating Master Submix 'MasterEQSubmixDefault'
[2021.03.09-01.59.07:971][  0]LogInit: FAudioDevice initialized.
[2021.03.09-01.59.07:971][  0]LogNetVersion: Set ProjectVersion to 2.2.0.25. Version Checksum will be recalculated on next use.
[2021.03.09-01.59.08:291][  0]LogDerivedDataCache: Saved boot cache 0.32s 76MB C:/Users/adamcaseystefanie/AppData/Local/UnrealEngine/4.25/DerivedDataCache/Boot.ddc.
[2021.03.09-01.59.08:291][  0]LogInit: Texture streaming: Enabled
[2021.03.09-01.59.08:312][  0]LogEngineSessionManager: EngineSessionManager initialized
[2021.03.09-01.59.08:312][  0]LogEditorSessionSummary: Verbose: Initializing EditorSessionSummaryWriter for editor session tracking
[2021.03.09-01.59.08:324][  0]LogEditorSessionSummary: EditorSessionSummaryWriter initialized
[2021.03.09-01.59.08:376][  0]LogInit: Transaction tracking system initialized
[2021.03.09-01.59.08:403][  0]BlueprintLog: New page: Editor Load
[2021.03.09-01.59.08:483][  0]LocalizationService: Localization service is disabled
[2021.03.09-01.59.08:720][  0]LogCook: Display: Max memory allowance for cook 16384mb min free memory 0mb
[2021.03.09-01.59.08:720][  0]LogCook: Display: Mobile HDR setting 1
[2021.03.09-01.59.08:985][  0]LogFileCache: Scanning file cache for directory 'C:/Users/adamcaseystefanie/Documents/GitHub/Surfing-Bird-FPS/FPSGameStarterKit/Content/' took 0.09s
[2021.03.09-01.59.09:440][  0]SourceControl: Source control is disabled
[2021.03.09-01.59.09:440][  0]LogUnrealEdMisc: Loading editor; pre map load, took 8.930
[2021.03.09-01.59.09:440][  0]Cmd: MAP LOAD FILE="../../../../../../Users/adamcaseystefanie/Documents/GitHub/Surfing-Bird-FPS/FPSGameStarterKit/Content/FPS_Game/Maps/Testing.umap" TEMPLATE=0 SHOWPROGRESS=1 FEATURELEVEL=3
[2021.03.09-01.59.09:441][  0]LightingResults: New page: Lighting Build
[2021.03.09-01.59.09:442][  0]LogWorld: UWorld::CleanupWorld for Untitled, bSessionEnded=true, bCleanupResources=true
[2021.03.09-01.59.09:442][  0]LogSlate: InvalidateAllWidgets triggered.  All widgets were invalidated
[2021.03.09-01.59.09:442][  0]MapCheck: New page: Map Check
[2021.03.09-01.59.09:442][  0]LightingResults: New page: Lighting Build
[2021.03.09-01.59.09:452][  0]LogAISub: UAISubsystem::~UAISubsystem EnvQueryManager (0000028218AA3C00), frame # 0
[2021.03.09-01.59.09:452][  0]LogAISub: UAISubsystem::~UAISubsystem AIPerceptionSystem (0000028218B64A40), frame # 0
[2021.03.09-01.59.09:453][  0]LogUObjectHash: Compacting FUObjectHashTables data took   1.07ms
[2021.03.09-01.59.15:162][  0]LogAIModule: Creating AISystem for world Testing
[2021.03.09-01.59.15:163][  0]LogAISub: UAISubsystem::UAISubsystem EnvQueryManager (000002822B87FE00), frame # 0
[2021.03.09-01.59.15:163][  0]LogAISub: UAISubsystem::UAISubsystem AIPerceptionSystem (000002822C12E340), frame # 0
[2021.03.09-01.59.15:511][  0]LogEditorServer: Finished looking for orphan Actors (0.000 secs)
[2021.03.09-01.59.15:644][  0]LogUObjectHash: Compacting FUObjectHashTables data took   3.07ms
[2021.03.09-01.59.15:645][  0]Cmd: MAP CHECKDEP NOCLEARLOG
[2021.03.09-01.59.15:645][  0]MapCheck: Map check complete: 0 Error(s), 0 Warning(s), took 0.207ms to complete.
[2021.03.09-01.59.15:645][  0]LogFileHelpers: Loading map 'Testing' took 6.206
[2021.03.09-01.59.15:647][  0]LogUnrealEdMisc: Total Editor Startup Time, took 15.137
[2021.03.09-01.59.15:782][  0]LogSlate: Updating window title bar state: overlay mode, drag disabled, window buttons hidden, title bar hidden
[2021.03.09-01.59.15:790][  0]LogSlate: Updating window title bar state: overlay mode, drag disabled, window buttons hidden, title bar hidden
[2021.03.09-01.59.15:799][  0]LogSlate: Updating window title bar state: overlay mode, drag disabled, window buttons hidden, title bar hidden
[2021.03.09-01.59.15:807][  0]LogSlate: Updating window title bar state: overlay mode, drag disabled, window buttons hidden, title bar hidden
[2021.03.09-01.59.15:820][  0]LogCollectionManager: Loaded 0 collections in 0.002862 seconds
[2021.03.09-01.59.15:836][  0]LogFileCache: Scanning file cache for directory 'C:/Users/adamcaseystefanie/Documents/GitHub/Surfing-Bird-FPS/FPSGameStarterKit/Saved/Collections/' took 0.00s
[2021.03.09-01.59.15:836][  0]LogFileCache: Scanning file cache for directory 'C:/Users/adamcaseystefanie/Documents/GitHub/Surfing-Bird-FPS/FPSGameStarterKit/Content/Developers/adamcaseystefanie/Collections/' took 0.00s
[2021.03.09-01.59.15:836][  0]LogFileCache: Scanning file cache for directory 'C:/Users/adamcaseystefanie/Documents/GitHub/Surfing-Bird-FPS/FPSGameStarterKit/Content/Collections/' took 0.00s
[2021.03.09-01.59.15:836][  0]LogContentBrowser: Native class hierarchy populated in 0.0097 seconds. Added 3427 classes and 821 folders.
[2021.03.09-01.59.15:838][  0]LogContentBrowser: Native class hierarchy updated for 'WidgetCarousel' in 0.0003 seconds. Added 0 classes and 0 folders.
[2021.03.09-01.59.15:914][  0]LogContentBrowser: Native class hierarchy updated for 'AddContentDialog' in 0.0003 seconds. Added 0 classes and 0 folders.
[2021.03.09-01.59.15:915][  0]LogContentBrowser: Native class hierarchy updated for 'SceneOutliner' in 0.0003 seconds. Added 2 classes and 0 folders.
[2021.03.09-01.59.16:002][  0]LogSlate: Took 0.000279 seconds to synchronously load lazily loaded font '../../../Engine/Content/Slate/Fonts/Roboto-Regular.ttf' (155K)
[2021.03.09-01.59.16:006][  0]LogSlate: Took 0.000324 seconds to synchronously load lazily loaded font '../../../Engine/Content/Slate/Fonts/Roboto-Bold.ttf' (160K)
[2021.03.09-01.59.16:015][  0]LogSlate: Took 0.000212 seconds to synchronously load lazily loaded font '../../../Engine/Content/Editor/Slate/Fonts/FontAwesome.ttf' (139K)
[2021.03.09-01.59.16:122][  0]LogRenderer: Reallocating scene render targets to support 952x432 Format 10 NumSamples 1 (Frame:1).
[2021.03.09-01.59.16:260][  0]LogContentBrowser: Native class hierarchy updated for 'HierarchicalLODOutliner' in 0.0003 seconds. Added 0 classes and 0 folders.
[2021.03.09-01.59.16:260][  0]LogLoad: (Engine Initialization) Total time: 15.75 seconds
[2021.03.09-01.59.16:261][  0]LogLoad: (Engine Initialization) Total Blueprint compile time: 0.00 seconds
[2021.03.09-01.59.16:573][  0]LogContentStreaming: Texture pool size now 1000 MB
[2021.03.09-01.59.16:584][  0]LogSlate: Took 0.000316 seconds to synchronously load lazily loaded font '../../../Engine/Content/Slate/Fonts/Roboto-Light.ttf' (167K)
[2021.03.09-01.59.16:615][  1]LogAssetRegistry: Asset discovery search completed in 11.1762 seconds
[2021.03.09-01.59.16:620][  1]LogCollectionManager: Fixed up redirectors for 0 collections in 0.000003 seconds (updated 0 objects)
[2021.03.09-01.59.45:868][ 27]LogSlate: Took 0.000261 seconds to synchronously load lazily loaded font '../../../Engine/Content/Slate/Fonts/Roboto-BoldCondensed.ttf' (158K)
[2021.03.09-01.59.45:932][ 28]LogMaterial: Display: Missing cached shader map for material Material_0, compiling. 
[2021.03.09-01.59.46:001][ 29]LogShaderCompilers: Display: Worker (1/3): shaders left to compile 4
[2021.03.09-01.59.46:001][ 29]LogShaderCompilers: Display: Worker (2/3): shaders left to compile 2
[2021.03.09-01.59.46:194][ 31]LogMaterial: Display: Missing cached shader map for material Material_1, compiling. 
[2021.03.09-01.59.46:199][ 31]LogShaderCompilers: Display: Worker (3/3): shaders left to compile 4
[2021.03.09-01.59.46:364][ 32]LogMaterial: Display: Missing cached shader map for material Material_2, compiling. 
[2021.03.09-01.59.46:547][ 34]LogMaterial: Display: Missing cached shader map for material Material_3, compiling. 
[2021.03.09-01.59.49:349][140]LogShaderCompilers: Display: Worker (2/3): shaders left to compile 10
[2021.03.09-01.59.49:606][149]LogShaderCompilers: Display: Worker (3/3): shaders left to compile 6
[2021.03.09-01.59.50:143][171]LogShaderCompilers: Display: Worker (1/3): shaders left to compile 3
[2021.03.09-01.59.50:301][178]LogSlate: Window 'Reference Viewer' being destroyed
[2021.03.09-01.59.50:306][178]LogSlate: Window 'Reference Viewer' being destroyed
[2021.03.09-01.59.52:565][286]LogShaderCompilers: Display: Worker (1/3): shaders left to compile 1
[2021.03.09-02.00.09:828][719]LogSlate: Prevented a slow task dialog from being summoned while a context menu was open
[2021.03.09-02.00.17:022][719]LogTexture: Display: Building textures: T_CliffRock_03_N (BC5, 4096X4096)
[2021.03.09-02.00.17:022][719]LogTexture: Display: Building textures: T_Cliff01_N (BC5, 8192X8192)
[2021.03.09-02.00.17:022][719]LogTexture: Display: Building textures: T_CliffRockTile_03_D (AutoDXT, 2048X2048)
[2021.03.09-02.00.17:022][719]LogTexture: Display: Building textures: T_Cliff01_D_CC_R (AutoDXT, 8192X8192)
[2021.03.09-02.01.48:523][719]LogMaterial: Display: Missing cached shader map for material M_Photoscan_Master, compiling. 
[2021.03.09-02.01.48:656][719]LogMaterial: Display: Missing cached shader map for material M_Photoscan_Master, compiling. 
[2021.03.09-02.01.49:686][719]LogShaderCompilers: Display: Worker (1/3): shaders left to compile 143
[2021.03.09-02.01.49:686][719]LogShaderCompilers: Display: Worker (2/3): shaders left to compile 133
[2021.03.09-02.01.49:686][719]LogShaderCompilers: Display: Worker (3/3): shaders left to compile 123
[2021.03.09-02.01.49:686][719]LogStaticMesh: Building static mesh SM_Cliff01...
[2021.03.09-02.01.50:429][719]LogStaticMesh: Built static mesh [0.74s] /Game/KiteDemo/Environments/Cliffs/Cliff01/SM_Cliff01.SM_Cliff01
[2021.03.09-02.02.07:525][719]LogTexture: Display: Building textures: BogMyrtle_01_Atlas_Tex (AutoDXT, 4096X4096)
[2021.03.09-02.02.07:525][719]LogTexture: Display: Building textures: T_BogMyrtleBtm_01_D (AutoDXT, 4096X4096)
[2021.03.09-02.02.07:525][719]LogShaderCompilers: Display: Worker (1/3): shaders left to compile 256
[2021.03.09-02.02.07:525][719]LogShaderCompilers: Display: Worker (3/3): shaders left to compile 246
[2021.03.09-02.02.07:525][719]LogTexture: Display: Building textures: BogMyrtle_01_Atlas_Normal_Tex (BC5, 4096X4096)
[2021.03.09-02.02.07:525][719]LogTexture: Display: Building textures: BogMyrtle_01_Atlas_Billboards_Normal_Tex (BC5, 2048X2048)
[2021.03.09-02.02.07:525][719]LogTexture: Display: Building textures: BogMyrtleBush_01_Atlas_Billboards_Tex (AutoDXT, 2048X2048)
[2021.03.09-02.02.07:525][719]LogTexture: Display: Building textures: T_BogMyrtleBtm_01_N (BC5, 4096X4096)
[2021.03.09-02.02.07:525][719]LogMaterial: Display: Missing cached shader map for material BogMyrtle_01_Fronds_Mat, compiling. 
[2021.03.09-02.02.08:148][719]LogTexture: Display: Building textures: BogMyrtleBush_01_Atlas_Billboards_Normal_Tex (BC5, 2048X2048)
[2021.03.09-02.02.08:148][719]LogStaticMesh: Building static mesh BogMyrtleBush_01...
[2021.03.09-02.02.09:872][719]LogTexture: Display: Building textures: BogMyrtle_01_Atlas_Billboards_Tex (AutoDXT, 2048X2048)
[2021.03.09-02.02.09:872][719]LogStaticMesh: Built static mesh [1.72s] /Game/KiteDemo/Environments/Foliage/BogMyrtleBush_01/BogMyrtleBush_01.BogMyrtleBush_01
[2021.03.09-02.02.12:422][719]LogMaterial: Display: Missing cached shader map for material BogMyrtle_01_Billboard_Mat, compiling. 
[2021.03.09-02.02.17:109][719]LogTexture: Display: Building textures: BogMyrtleBush_02_Atlas_Billboards_Tex (AutoDXT, 2048X2048)
[2021.03.09-02.02.17:109][719]LogTexture: Display: Building textures: BogMyrtleBush_02_Atlas_Billboards_Normal_Tex (BC5, 2048X2048)
[2021.03.09-02.02.17:110][719]LogShaderCompilers: Display: Worker (1/3): shaders left to compile 430
[2021.03.09-02.02.17:110][719]LogShaderCompilers: Display: Worker (2/3): shaders left to compile 420
[2021.03.09-02.02.17:110][719]LogShaderCompilers: Display: Worker (3/3): shaders left to compile 410
[2021.03.09-02.02.17:110][719]LogStaticMesh: Building static mesh BogMyrtleBush_02...
[2021.03.09-02.02.19:662][719]LogStaticMesh: Built static mesh [2.55s] /Game/KiteDemo/Environments/Foliage/BogMyrtleBush_02/BogMyrtleBush_02.BogMyrtleBush_02
[2021.03.09-02.02.19:780][719]LogStaticMesh: Building static mesh BogMyrtle_01...
[2021.03.09-02.02.20:654][719]LogStaticMesh: Built static mesh [0.87s] /Game/KiteDemo/Environments/Foliage/BogMyrtle_01/BogMyrtle_01.BogMyrtle_01
[2021.03.09-02.02.24:435][719]LogTexture: Display: Building textures: T_Fern_01_N (BC5, 2048X2048)
[2021.03.09-02.02.24:435][719]LogTexture: Display: Building textures: T_Fern_01_D (AutoDXT, 2048X2048)
[2021.03.09-02.02.24:435][719]LogTexture: Display: Building textures: T_Water_Screen_Noise_Soft2 (AutoDXT, 1024X1024)
[2021.03.09-02.02.24:435][719]LogTexture: Display: Building textures: T_Ice_Noise_N (BC5, 1024X1024)
[2021.03.09-02.02.24:435][719]LogShaderCompilers: Display: Worker (1/3): shaders left to compile 400
[2021.03.09-02.02.24:435][719]LogMaterial: Display: Missing cached shader map for material M_Fern_01, compiling. 
[2021.03.09-02.02.25:317][719]LogTexture: Display: Building textures: T_Water_Screen_Noise_Soft (AutoDXT, 1024X1024)
[2021.03.09-02.02.25:317][719]LogMaterial: Display: Missing cached shader map for material M_Fern_01, compiling. 
[2021.03.09-02.02.25:448][719]LogStaticMesh: Building static mesh SM_Fern_01...
[2021.03.09-02.02.25:749][719]LogStaticMesh: Built static mesh [0.30s] /Game/KiteDemo/Environments/Foliage/Ferns/SM_Fern_01.SM_Fern_01
[2021.03.09-02.02.25:828][719]LogShaderCompilers: Display: Worker (2/3): shaders left to compile 584
[2021.03.09-02.02.25:828][719]LogStaticMesh: Building static mesh SM_Fern_02...
[2021.03.09-02.02.26:132][719]LogShaderCompilers: Display: Worker (3/3): shaders left to compile 574
[2021.03.09-02.02.26:132][719]LogStaticMesh: Built static mesh [0.30s] /Game/KiteDemo/Environments/Foliage/Ferns/SM_Fern_02.SM_Fern_02
[2021.03.09-02.02.26:185][719]LogStaticMesh: Building static mesh SM_Fern_03...
[2021.03.09-02.02.26:481][719]LogStaticMesh: Built static mesh [0.30s] /Game/KiteDemo/Environments/Foliage/Ferns/SM_Fern_03.SM_Fern_03
[2021.03.09-02.02.29:099][719]LogTexture: Display: Building textures: T_SwirlNoise (G8, 512X512)
[2021.03.09-02.02.29:099][719]LogTexture: Display: Building textures: T_Buttercup_Patch_01_M (AutoDXT, 2048X2048)
[2021.03.09-02.02.29:099][719]LogTexture: Display: Building textures: T_Buttercup_Patch_01_D (AutoDXT, 2048X2048)
[2021.03.09-02.02.29:099][719]LogMaterial: Display: Missing cached shader map for material M_Buttercup_Patch_01, compiling. 
[2021.03.09-02.02.29:188][719]LogMaterial: Display: Missing cached shader map for material M_Buttercup_Patch_01, compiling. 
[2021.03.09-02.02.29:274][719]LogStaticMesh: Building static mesh SM_Buttercup_Patch_01...
[2021.03.09-02.02.29:576][719]LogStaticMesh: Built static mesh [0.30s] /Game/KiteDemo/Environments/Foliage/Flowers/Buttercup/SM_Buttercup_Patch_01.SM_Buttercup_Patch_01
[2021.03.09-02.02.36:110][719]LogTexture: Display: Building textures: T_FieldScabious01_M (AutoDXT, 2048X2048)
[2021.03.09-02.02.36:110][719]LogTexture: Display: Building textures: T_FieldScabious01_N (BC5, 2048X2048)
[2021.03.09-02.02.36:110][719]LogTexture: Display: Building textures: T_FieldScabious01_D (AutoDXT, 2048X2048)
[2021.03.09-02.02.36:110][719]LogShaderCompilers: Display: Worker (1/3): shaders left to compile 758
[2021.03.09-02.02.36:110][719]LogMaterial: Display: Missing cached shader map for material M_FieldScabious_01, compiling. 
[2021.03.09-02.02.36:221][719]LogMaterial: Display: Missing cached shader map for material M_FieldScabious_01, compiling. 
[2021.03.09-02.02.36:389][719]LogStaticMesh: Building static mesh SM_FieldScabious_01...
[2021.03.09-02.02.37:129][719]LogStaticMesh: Built static mesh [0.74s] /Game/KiteDemo/Environments/Foliage/Flowers/FieldScabious/SM_FieldScabious_01.SM_FieldScabious_01
[2021.03.09-02.02.42:873][719]LogTexture: Display: Building textures: T_Ice_Noise (AutoDXT, 1024X1024)
[2021.03.09-02.02.42:873][719]LogTexture: Display: Building textures: T_HeatherBranch4_D (AutoDXT, 2048X2048)
[2021.03.09-02.02.42:873][719]LogShaderCompilers: Display: Worker (3/3): shaders left to compile 942
[2021.03.09-02.02.42:873][719]LogTexture: Display: Building textures: T_HeatherBranch4_N (BC5, 2048X2048)
[2021.03.09-02.02.42:873][719]LogTexture: Display: Building textures: T_HeatherBranch4_Mask2 (AutoDXT, 1024X1024)
[2021.03.09-02.02.42:873][719]LogShaderCompilers: Display: Worker (2/3): shaders left to compile 932
[2021.03.09-02.02.42:873][719]LogMaterial: Display: Missing cached shader map for material M_HeatherNew_Master, compiling. 
[2021.03.09-02.02.54:624][719]LogTexture: Display: Building textures: T_Grass_Blobby_Height_01 (AutoDXT, 2048X2048)
[2021.03.09-02.02.54:624][719]LogShaderCompilers: Display: Worker (1/3): shaders left to compile 1019
[2021.03.09-02.02.54:624][719]LogMaterial: Display: Missing cached shader map for material M_HeatherNew_MasterWorldColorVarience, compiling. 
[2021.03.09-02.02.55:477][719]LogTexture: Display: Building textures: T_GDC_TilingRocks_01_DispMask (AutoDXT, 1024X1024)
[2021.03.09-02.02.55:478][719]LogMaterial: Display: Missing cached shader map for material M_HeatherNew_Master, compiling. 
[2021.03.09-02.02.55:578][719]LogMaterial: Display: Missing cached shader map for material M_HeatherNew_MasterWorldColorVarience, compiling. 
[2021.03.09-02.02.55:680][719]LogMaterial: Display: Missing cached shader map for material M_HeatherNew_MasterWorldColorVarience, compiling. 
[2021.03.09-02.02.55:786][719]LogStaticMesh: Building static mesh SM_Heather_Mesh_Clumps2...
[2021.03.09-02.02.55:868][719]LogStaticMesh: Built static mesh [0.08s] /Game/KiteDemo/Environments/Foliage/Flowers/Heather/SM_Heather_Mesh_Clumps2.SM_Heather_Mesh_Clumps2
[2021.03.09-02.02.55:881][719]LogStaticMesh: Building static mesh SM_Heather_Mesh_Clumps2_WorldPopulate...
[2021.03.09-02.02.56:118][719]LogStaticMesh: Built static mesh [0.24s] /Game/KiteDemo/Environments/Foliage/Flowers/Heather/SM_Heather_Mesh_Clumps2_WorldPopulate.SM_Heather_Mesh_Clumps2_WorldPopulate
[2021.03.09-02.03.03:044][719]LogTexture: Display: Building textures: T_Yarrow_N (BC5, 2048X2048)
[2021.03.09-02.03.03:044][719]LogTexture: Display: Building textures: T_Yarrow_D (AutoDXT, 2048X2048)
[2021.03.09-02.03.03:044][719]LogShaderCompilers: Display: Worker (3/3): shaders left to compile 1397
[2021.03.09-02.03.03:044][719]LogShaderCompilers: Display: Worker (2/3): shaders left to compile 1387
[2021.03.09-02.03.03:044][719]LogMaterial: Display: Missing cached shader map for material M_HeatherNew_Master, compiling. 
[2021.03.09-02.03.03:993][719]LogTexture: Display: Building textures: T_Yarrow_M (AutoDXT, 2048X2048)
[2021.03.09-02.03.03:993][719]LogStaticMesh: Building static mesh SM_Yarrow...
[2021.03.09-02.03.04:669][719]LogStaticMesh: Built static mesh [0.68s] /Game/KiteDemo/Environments/Foliage/Flowers/Yarrow/SM_Yarrow.SM_Yarrow
[2021.03.09-02.03.04:792][719]LogStaticMesh: Building static mesh SM_Yarrow3...
[2021.03.09-02.03.05:461][719]LogShaderCompilers: Display: Worker (1/3): shaders left to compile 1474
[2021.03.09-02.03.05:462][719]LogStaticMesh: Built static mesh [0.67s] /Game/KiteDemo/Environments/Foliage/Flowers/Yarrow/SM_Yarrow3.SM_Yarrow3
[2021.03.09-02.03.07:837][719]LogTexture: Display: Building textures: T_FieldGrass_01_D (AutoDXT, 1024X1024)
[2021.03.09-02.03.07:837][719]LogTexture: Display: Building textures: T_FieldGrass_02_M (AutoDXT, 1024X1024)
[2021.03.09-02.03.07:837][719]LogShaderCompilers: Display: Worker (3/3): shaders left to compile 1464
[2021.03.09-02.03.07:837][719]LogMaterial: Display: Missing cached shader map for material M_FieldGrass_01, compiling. 
[2021.03.09-02.03.07:934][719]LogMaterial: Display: Missing cached shader map for material M_FieldGrass_01, compiling. 
[2021.03.09-02.03.08:033][719]LogMaterial: Display: Missing cached shader map for material M_FieldGrass_01, compiling. 
[2021.03.09-02.03.08:149][719]LogStaticMesh: Building static mesh SM_FieldGrass_01...
[2021.03.09-02.03.08:299][719]LogStaticMesh: Built static mesh [0.15s] /Game/KiteDemo/Environments/Foliage/Grass/FieldGrass/SM_FieldGrass_01.SM_FieldGrass_01
[2021.03.09-02.03.46:442][719]LogTexture: Display: Building textures: T_DeadLeavesAtlas_01_N (BC5, 4096X4096)
[2021.03.09-02.03.46:442][719]LogTexture: Display: Building textures: T_DeadLeavesAtlasTop_01_D (AutoDXT, 4096X4096)
[2021.03.09-02.03.46:443][719]LogShaderCompilers: Display: Worker (2/3): shaders left to compile 1745
[2021.03.09-02.03.46:443][719]LogTexture: Display: Building textures: T_DeadLeavesAtlas_01_D (AutoDXT, 4096X4096)
[2021.03.09-02.03.46:443][719]LogShaderCompilers: Display: Worker (1/3): shaders left to compile 1735
[2021.03.09-02.03.46:443][719]LogShaderCompilers: Display: Worker (3/3): shaders left to compile 1725
[2021.03.09-02.03.46:443][719]LogShaderCompilers: Display: Worker (2/3): shaders left to compile 1715
[2021.03.09-02.03.46:443][719]LogShaderCompilers: Display: Worker (1/3): shaders left to compile 1705
[2021.03.09-02.03.46:443][719]LogShaderCompilers: Display: Worker (3/3): shaders left to compile 1695
[2021.03.09-02.03.46:443][719]LogShaderCompilers: Display: Worker (2/3): shaders left to compile 1685
[2021.03.09-02.03.46:443][719]LogMaterial: Display: Missing cached shader map for material M_DeadLeaves, compiling. 
[2021.03.09-02.03.46:659][719]LogStaticMesh: Building static mesh SM_DeadLeaves...
[2021.03.09-02.03.47:200][719]LogStaticMesh: Built static mesh [0.54s] /Game/KiteDemo/Environments/Foliage/Leaves/SM_DeadLeaves.SM_DeadLeaves
[2021.03.09-02.03.47:266][719]LogStaticMesh: Building static mesh SM_DeadLeaves_Flat...
[2021.03.09-02.03.47:885][719]LogStaticMesh: Built static mesh [0.62s] /Game/KiteDemo/Environments/Foliage/Leaves/SM_DeadLeaves_Flat.SM_DeadLeaves_Flat
[2021.03.09-02.04.00:866][719]LogTexture: Display: Building textures: T_AlpinePatch001_N (BC5, 8192X8192)
[2021.03.09-02.04.00:866][719]LogShaderCompilers: Display: Worker (1/3): shaders left to compile 1772
[2021.03.09-02.04.00:866][719]LogTexture: Display: Building textures: T_AlpinePatch001_D_R (AutoDXT, 8192X8192)
[2021.03.09-02.06.43:887][719]LogShaderCompilers: Display: Worker (3/3): shaders left to compile 1762
[2021.03.09-02.06.43:887][719]LogShaderCompilers: Display: Worker (2/3): shaders left to compile 1752
[2021.03.09-02.06.43:888][719]LogShaderCompilers: Display: Worker (1/3): shaders left to compile 1742
[2021.03.09-02.06.43:888][719]LogShaderCompilers: Display: Worker (3/3): shaders left to compile 1732
[2021.03.09-02.06.43:888][719]LogShaderCompilers: Display: Worker (2/3): shaders left to compile 1722
[2021.03.09-02.06.43:888][719]LogShaderCompilers: Display: Worker (1/3): shaders left to compile 1712
[2021.03.09-02.06.43:888][719]LogShaderCompilers: Display: Worker (3/3): shaders left to compile 1702
[2021.03.09-02.06.43:888][719]LogShaderCompilers: Display: Worker (2/3): shaders left to compile 1692
[2021.03.09-02.06.43:888][719]LogShaderCompilers: Display: Worker (1/3): shaders left to compile 1682
[2021.03.09-02.06.43:888][719]LogShaderCompilers: Display: Worker (3/3): shaders left to compile 1672
[2021.03.09-02.06.43:888][719]LogShaderCompilers: Display: Worker (2/3): shaders left to compile 1662
[2021.03.09-02.06.43:888][719]LogShaderCompilers: Display: Worker (1/3): shaders left to compile 1652
[2021.03.09-02.06.43:888][719]LogShaderCompilers: Display: Worker (2/3): shaders left to compile 1642
[2021.03.09-02.06.43:888][719]LogShaderCompilers: Display: Worker (3/3): shaders left to compile 1632
[2021.03.09-02.06.43:888][719]LogShaderCompilers: Display: Worker (1/3): shaders left to compile 1622
[2021.03.09-02.06.43:888][719]LogShaderCompilers: Display: Worker (2/3): shaders left to compile 1612
[2021.03.09-02.06.43:888][719]LogShaderCompilers: Display: Worker (3/3): shaders left to compile 1602
[2021.03.09-02.06.43:888][719]LogShaderCompilers: Display: Worker (1/3): shaders left to compile 1592
[2021.03.09-02.06.43:888][719]LogShaderCompilers: Display: Worker (2/3): shaders left to compile 1582
[2021.03.09-02.06.43:888][719]LogShaderCompilers: Display: Worker (3/3): shaders left to compile 1572
[2021.03.09-02.06.43:889][719]LogShaderCompilers: Display: Worker (1/3): shaders left to compile 1562
[2021.03.09-02.06.43:889][719]LogShaderCompilers: Display: Worker (2/3): shaders left to compile 1552
[2021.03.09-02.06.43:889][719]LogShaderCompilers: Display: Worker (3/3): shaders left to compile 1542
[2021.03.09-02.06.43:889][719]LogShaderCompilers: Display: Worker (1/3): shaders left to compile 1532
[2021.03.09-02.06.43:889][719]LogShaderCompilers: Display: Worker (2/3): shaders left to compile 1522
[2021.03.09-02.06.43:889][719]LogShaderCompilers: Display: Worker (3/3): shaders left to compile 1512
[2021.03.09-02.06.43:889][719]LogShaderCompilers: Display: Worker (1/3): shaders left to compile 1502
[2021.03.09-02.06.43:889][719]LogShaderCompilers: Display: Worker (2/3): shaders left to compile 1492
[2021.03.09-02.06.43:889][719]LogShaderCompilers: Display: Worker (3/3): shaders left to compile 1482
[2021.03.09-02.06.43:889][719]LogShaderCompilers: Display: Worker (1/3): shaders left to compile 1472
[2021.03.09-02.06.43:889][719]LogShaderCompilers: Display: Worker (2/3): shaders left to compile 1462
[2021.03.09-02.06.43:889][719]LogShaderCompilers: Display: Worker (3/3): shaders left to compile 1452
[2021.03.09-02.06.43:889][719]LogShaderCompilers: Display: Worker (1/3): shaders left to compile 1442
[2021.03.09-02.06.43:889][719]LogShaderCompilers: Display: Worker (2/3): shaders left to compile 1432
[2021.03.09-02.06.43:889][719]LogShaderCompilers: Display: Worker (3/3): shaders left to compile 1422
[2021.03.09-02.06.43:889][719]LogShaderCompilers: Display: Worker (1/3): shaders left to compile 1412
[2021.03.09-02.06.43:889][719]LogShaderCompilers: Display: Worker (2/3): shaders left to compile 1402
[2021.03.09-02.06.43:889][719]LogShaderCompilers: Display: Worker (3/3): shaders left to compile 1392
[2021.03.09-02.06.43:889][719]LogShaderCompilers: Display: Worker (1/3): shaders left to compile 1382
[2021.03.09-02.06.43:890][719]LogShaderCompilers: Display: Worker (2/3): shaders left to compile 1372
[2021.03.09-02.06.43:890][719]LogShaderCompilers: Display: Worker (3/3): shaders left to compile 1362
[2021.03.09-02.06.43:890][719]LogShaderCompilers: Display: Worker (1/3): shaders left to compile 1352
[2021.03.09-02.06.43:890][719]LogShaderCompilers: Display: Worker (2/3): shaders left to compile 1342
[2021.03.09-02.06.43:890][719]LogShaderCompilers: Display: Worker (3/3): shaders left to compile 1332
[2021.03.09-02.06.43:890][719]LogShaderCompilers: Display: Worker (1/3): shaders left to compile 1322
[2021.03.09-02.06.43:890][719]LogTexture: Display: Building textures: T_AlpinePatch001_D_alt_R (AutoDXT, 8192X8192)
[2021.03.09-02.09.25:160][719]LogShaderCompilers: Display: Worker (2/3): shaders left to compile 1312
[2021.03.09-02.09.25:160][719]LogShaderCompilers: Display: Worker (3/3): shaders left to compile 1302
[2021.03.09-02.09.25:160][719]LogShaderCompilers: Display: Worker (1/3): shaders left to compile 1292
[2021.03.09-02.09.25:161][719]LogShaderCompilers: Display: Worker (2/3): shaders left to compile 1282
[2021.03.09-02.09.25:161][719]LogShaderCompilers: Display: Worker (3/3): shaders left to compile 1272
[2021.03.09-02.09.25:161][719]LogShaderCompilers: Display: Worker (1/3): shaders left to compile 1262
[2021.03.09-02.09.25:161][719]LogShaderCompilers: Display: Worker (2/3): shaders left to compile 1252
[2021.03.09-02.09.25:161][719]LogShaderCompilers: Display: Worker (1/3): shaders left to compile 1242
[2021.03.09-02.09.25:161][719]LogShaderCompilers: Display: Worker (3/3): shaders left to compile 1232
[2021.03.09-02.09.25:161][719]LogShaderCompilers: Display: Worker (2/3): shaders left to compile 1222
[2021.03.09-02.09.25:161][719]LogShaderCompilers: Display: Worker (1/3): shaders left to compile 1212
[2021.03.09-02.09.25:161][719]LogShaderCompilers: Display: Worker (3/3): shaders left to compile 1202
[2021.03.09-02.09.25:161][719]LogShaderCompilers: Display: Worker (2/3): shaders left to compile 1192
[2021.03.09-02.09.25:161][719]LogShaderCompilers: Display: Worker (1/3): shaders left to compile 1182
[2021.03.09-02.09.25:161][719]LogShaderCompilers: Display: Worker (3/3): shaders left to compile 1172
[2021.03.09-02.09.25:161][719]LogShaderCompilers: Display: Worker (2/3): shaders left to compile 1162
[2021.03.09-02.09.25:161][719]LogShaderCompilers: Display: Worker (1/3): shaders left to compile 1152
[2021.03.09-02.09.25:161][719]LogShaderCompilers: Display: Worker (3/3): shaders left to compile 1142
[2021.03.09-02.09.25:161][719]LogShaderCompilers: Display: Worker (2/3): shaders left to compile 1132
[2021.03.09-02.09.25:161][719]LogShaderCompilers: Display: Worker (1/3): shaders left to compile 1122
[2021.03.09-02.09.25:161][719]LogShaderCompilers: Display: Worker (3/3): shaders left to compile 1112
[2021.03.09-02.09.25:161][719]LogShaderCompilers: Display: Worker (2/3): shaders left to compile 1102
[2021.03.09-02.09.25:161][719]LogShaderCompilers: Display: Worker (3/3): shaders left to compile 1092
[2021.03.09-02.09.25:161][719]LogShaderCompilers: Display: Worker (1/3): shaders left to compile 1082
[2021.03.09-02.09.25:161][719]LogShaderCompilers: Display: Worker (2/3): shaders left to compile 1072
[2021.03.09-02.09.25:162][719]LogShaderCompilers: Display: Worker (3/3): shaders left to compile 1062
[2021.03.09-02.09.25:162][719]LogShaderCompilers: Display: Worker (1/3): shaders left to compile 1052
[2021.03.09-02.09.25:162][719]LogShaderCompilers: Display: Worker (2/3): shaders left to compile 1042
[2021.03.09-02.09.25:162][719]LogShaderCompilers: Display: Worker (3/3): shaders left to compile 1032
[2021.03.09-02.09.25:162][719]LogShaderCompilers: Display: Worker (1/3): shaders left to compile 1022
[2021.03.09-02.09.25:162][719]LogShaderCompilers: Display: Worker (2/3): shaders left to compile 1012
[2021.03.09-02.09.25:162][719]LogShaderCompilers: Display: Worker (3/3): shaders left to compile 1002
[2021.03.09-02.09.25:162][719]LogShaderCompilers: Display: Worker (1/3): shaders left to compile 992
[2021.03.09-02.09.25:162][719]LogShaderCompilers: Display: Worker (2/3): shaders left to compile 982
[2021.03.09-02.09.25:162][719]LogShaderCompilers: Display: Worker (3/3): shaders left to compile 972
[2021.03.09-02.09.25:162][719]LogShaderCompilers: Display: Worker (1/3): shaders left to compile 962
[2021.03.09-02.09.25:162][719]LogShaderCompilers: Display: Worker (3/3): shaders left to compile 952
[2021.03.09-02.09.25:162][719]LogShaderCompilers: Display: Worker (2/3): shaders left to compile 942
[2021.03.09-02.09.25:162][719]LogShaderCompilers: Display: Worker (1/3): shaders left to compile 932
[2021.03.09-02.09.25:162][719]LogShaderCompilers: Display: Worker (2/3): shaders left to compile 922
[2021.03.09-02.09.25:162][719]LogShaderCompilers: Display: Worker (3/3): shaders left to compile 912
[2021.03.09-02.09.25:162][719]LogShaderCompilers: Display: Worker (1/3): shaders left to compile 902
[2021.03.09-02.09.25:162][719]LogShaderCompilers: Display: Worker (2/3): shaders left to compile 892
[2021.03.09-02.09.25:162][719]LogShaderCompilers: Display: Worker (3/3): shaders left to compile 882
[2021.03.09-02.09.25:162][719]LogTexture: Display: Building textures: T_Forest_Path_001A_N (BC5, 4096X4096)
[2021.03.09-02.09.25:163][719]LogShaderCompilers: Display: Worker (1/3): shaders left to compile 872
[2021.03.09-02.09.25:163][719]LogShaderCompilers: Display: Worker (2/3): shaders left to compile 862
[2021.03.09-02.09.25:163][719]LogTexture: Display: Building textures: T_Forest_Path_001A_D_R (AutoDXT, 4096X4096)
[2021.03.09-02.10.13:527][719]LogShaderCompilers: Display: Worker (3/3): shaders left to compile 852
[2021.03.09-02.10.13:527][719]LogShaderCompilers: Display: Worker (1/3): shaders left to compile 842
[2021.03.09-02.10.13:527][719]LogShaderCompilers: Display: Worker (2/3): shaders left to compile 832
[2021.03.09-02.10.13:527][719]LogShaderCompilers: Display: Worker (3/3): shaders left to compile 822
[2021.03.09-02.10.13:527][719]LogShaderCompilers: Display: Worker (1/3): shaders left to compile 812
[2021.03.09-02.10.13:527][719]LogShaderCompilers: Display: Worker (2/3): shaders left to compile 802
[2021.03.09-02.10.13:527][719]LogShaderCompilers: Display: Worker (3/3): shaders left to compile 792
[2021.03.09-02.10.13:527][719]LogShaderCompilers: Display: Worker (1/3): shaders left to compile 782
[2021.03.09-02.10.13:527][719]LogShaderCompilers: Display: Worker (2/3): shaders left to compile 772
[2021.03.09-02.10.13:527][719]LogShaderCompilers: Display: Worker (3/3): shaders left to compile 762
[2021.03.09-02.10.13:527][719]LogShaderCompilers: Display: Worker (2/3): shaders left to compile 752
[2021.03.09-02.10.13:527][719]LogShaderCompilers: Display: Worker (1/3): shaders left to compile 742
[2021.03.09-02.10.13:527][719]LogTexture: Display: Building textures: T_Forest_Path_001B_N (BC5, 8192X8192)
[2021.03.09-02.10.13:527][719]LogShaderCompilers: Display: Worker (3/3): shaders left to compile 732
[2021.03.09-02.10.13:527][719]LogTexture: Display: Building textures: T_Forest_Path_001B_D_R (AutoDXT, 8192X8192)
